==> Installing environment /
[+] /spack/opt/spack/linux-ubuntu20.04-x86_64/oneapi-2022.1.0/libiconv-1.16-sohfg2fg2ss47uvlwzdjbifbjdbeg4wd
[+] /spack/opt/spack/linux-ubuntu20.04-x86_64/oneapi-2022.1.0/pkgconf-1.8.0-euvcz47c2ohoholjxebiqhgid57g6efi
[+] /spack/opt/spack/linux-ubuntu20.04-x86_64/oneapi-2022.1.0/xz-5.2.5-vmj2gb3fwlbp4gtugelilayzzs4xobgv
[+] /spack/opt/spack/linux-ubuntu20.04-x86_64/oneapi-2022.1.0/zlib-1.2.13-kn4dyzu6thdk6hansgl4cjhlbpr6jn6f
[+] /spack/opt/spack/linux-ubuntu20.04-x86_64/oneapi-2022.1.0/ca-certificates-mozilla-2022-10-11-fukrciabjxgm4k7ifpcyqtdibtguaotr
[+] /spack/opt/spack/linux-ubuntu20.04-x86_64/oneapi-2022.1.0/berkeley-db-18.1.40-omnywqot4xtbpn5fi5a6qtufqbivpx74
[+] /spack/opt/spack/linux-ubuntu20.04-x86_64/oneapi-2022.1.0/libsigsegv-2.13-q56bku4kealygzwdfxmejeduvznwy3sj
[+] /spack/opt/spack/linux-ubuntu20.04-x86_64/oneapi-2022.1.0/util-macros-1.19.3-iwdrk44dimz4ywn5honna6uk5m3iiei4
[+] /spack/opt/spack/linux-ubuntu20.04-x86_64/oneapi-2022.1.0/zstd-1.5.2-rg3ig4lozwmvlm3rmo4yaj3xsvpelp5q
[+] /spack/opt/spack/linux-ubuntu20.04-x86_64/oneapi-2022.1.0/libmd-1.0.4-uxmtkavhqds4kmkxsm4nbgqpeom64kra
[+] /spack/opt/spack/linux-ubuntu20.04-x86_64/oneapi-2022.1.0/libffi-3.4.2-maq3kzwfeuheet4lwjov56zdrb7lrlyp
[+] /spack/opt/spack/linux-ubuntu20.04-x86_64/oneapi-2022.1.0/diffutils-3.8-uli7acep5reahqi2j3jcbm3c5ll7nhgk
[+] /spack/opt/spack/linux-ubuntu20.04-x86_64/oneapi-2022.1.0/util-linux-uuid-2.38.1-5apdrohwiotpstyv27zrvo57j27wwz3y
[+] /spack/opt/spack/linux-ubuntu20.04-x86_64/oneapi-2022.1.0/ncurses-6.3-xeqsxt6s2ztb3m52cz2iiyxjsjitmlx4
[+] /spack/opt/spack/linux-ubuntu20.04-x86_64/oneapi-2022.1.0/pigz-2.7-7aoccbdojy4jonclcvhwmharbxcudnrk
[+] /spack/opt/spack/linux-ubuntu20.04-x86_64/oneapi-2022.1.0/libxml2-2.10.1-xpcbajg3rlowuzormi5wzdgruex5ju32
[+] /spack/opt/spack/linux-ubuntu20.04-x86_64/oneapi-2022.1.0/libbsd-0.11.5-flwxuwxerrclotxz5kxrp7smb7ocd2bd
[+] /spack/opt/spack/linux-ubuntu20.04-x86_64/oneapi-2022.1.0/bzip2-1.0.8-44yzgywnukmmteey7ch3wxx746lbc7b7
[+] /spack/opt/spack/linux-ubuntu20.04-x86_64/oneapi-2022.1.0/m4-1.4.19-agucw5dt2xkxn3dkxzyfg43jyx54wqfm
[+] /spack/opt/spack/linux-ubuntu20.04-x86_64/oneapi-2022.1.0/readline-8.1.2-s66johlcbbnljh3pka5fcane2crkwphr
[+] /spack/opt/spack/linux-ubuntu20.04-x86_64/oneapi-2022.1.0/libedit-3.1-20210216-rg7gksrttcxpowbdjyskeyhcqtxghps4
[+] /spack/opt/spack/linux-ubuntu20.04-x86_64/oneapi-2022.1.0/expat-2.4.8-ijry5ro74qcefgnq67gi2gth557dn5di
[+] /spack/opt/spack/linux-ubuntu20.04-x86_64/oneapi-2022.1.0/tar-1.34-d7qonesezbasutkwezhfsny6lm3qqdz3
[+] /spack/opt/spack/linux-ubuntu20.04-x86_64/oneapi-2022.1.0/libtool-2.4.7-5n46ly5edmdl7dxdzjbzhwc6bkb4an7a
[+] /spack/opt/spack/linux-ubuntu20.04-x86_64/oneapi-2022.1.0/sqlite-3.39.4-osk6numqp27x3rj3ttf2s3txskeynenl
[+] /spack/opt/spack/linux-ubuntu20.04-x86_64/oneapi-2022.1.0/gdbm-1.19-jbk6q7ejtt3jycikpkeltjoausqdoxqp
[+] /spack/opt/spack/linux-ubuntu20.04-x86_64/oneapi-2022.1.0/gettext-0.21.1-geuk6q2fi5ohgei7slb53vz2xlq6e5s6
[+] /spack/opt/spack/linux-ubuntu20.04-x86_64/oneapi-2022.1.0/libpciaccess-0.16-ky5qiazdkxxis6hklky25q5rvusgnzus
[+] /spack/opt/spack/linux-ubuntu20.04-x86_64/oneapi-2022.1.0/perl-5.34.1-2bf4g3nrjguvmx2h3wj2fflo5mlkibq2
[+] /spack/opt/spack/linux-ubuntu20.04-x86_64/oneapi-2022.1.0/hwloc-2.8.0-zwwh2twayclc5wiwlmqv2loefowhtyqk
[+] /spack/opt/spack/linux-ubuntu20.04-x86_64/oneapi-2022.1.0/openblas-0.3.21-m2gohnnobr2gyge7x6w3giw67aicyitj
[+] /spack/opt/spack/linux-ubuntu20.04-x86_64/oneapi-2022.1.0/bison-3.8.2-sgrohn27tl4tmlqf4t5dvxubzpajnx72
[+] /spack/opt/spack/linux-ubuntu20.04-x86_64/oneapi-2022.1.0/autoconf-2.69-njpz3xc2cyjplc2mh6chzoe5nmnt5axu
[+] /spack/opt/spack/linux-ubuntu20.04-x86_64/oneapi-2022.1.0/openssl-1.1.1q-bxhrpezkvm66oaww4vyduwlheanl2mta
[+] /spack/opt/spack/linux-ubuntu20.04-x86_64/oneapi-2022.1.0/automake-1.16.5-kfhtznyalnrpprxl3j6xugetvbllpv4p
[+] /spack/opt/spack/linux-ubuntu20.04-x86_64/oneapi-2022.1.0/krb5-1.19.3-eunytmoryfqwfkqfiw3uyd2cd3tdtcsi
[+] /spack/opt/spack/linux-ubuntu20.04-x86_64/oneapi-2022.1.0/python-3.9.15-27kjcflp6kgjbmvsm5tydajifbqei5eq
[+] /spack/opt/spack/linux-ubuntu20.04-x86_64/oneapi-2022.1.0/libevent-2.1.12-cw25u6t2qhuy2wvwvy4r2ngr2om64v3t
[+] /spack/opt/spack/linux-ubuntu20.04-x86_64/oneapi-2022.1.0/cmake-3.24.2-kb5mzb4nz3gf2zpng3id6qhivd2fjpjk
[+] /spack/opt/spack/linux-ubuntu20.04-x86_64/oneapi-2022.1.0/curl-7.85.0-jr77a3dxznkvhjsbkeeofezoe67xgm5a
[+] /spack/opt/spack/linux-ubuntu20.04-x86_64/oneapi-2022.1.0/numactl-2.0.14-zvwur7gxxzt4cvcsmyykvyzwsm5dnsjj
[+] /spack/opt/spack/linux-ubuntu20.04-x86_64/oneapi-2022.1.0/openssh-9.0p1-ogqflukibkuvwlo5c6j57cfizeequyf2
[+] /spack/opt/spack/linux-ubuntu20.04-x86_64/oneapi-2022.1.0/py-pip-22.2.2-3qq2ch2uto4d3belxodazazo35cxnoye
[+] /spack/opt/spack/linux-ubuntu20.04-x86_64/oneapi-2022.1.0/ninja-1.11.1-6wdwnw7uhqj7lp5tk3ovrhqqqzgpsfse
[+] /spack/opt/spack/linux-ubuntu20.04-x86_64/oneapi-2022.1.0/pmix-4.1.2-ij47ezmyryt42pdd5cjwskbggxrnouph
==> Installing w3nco-2.4.1-vmp22y5hg6yd5vkdc5qsdckxo2xl337t
==> No binary for w3nco-2.4.1-vmp22y5hg6yd5vkdc5qsdckxo2xl337t found: installing from source
==> Fetching https://mirror.spack.io/_source-cache/archive/48/48b06e0ea21d3d0fd5d5c4e7eb50b081402567c1bff6c4abf4fd4f3669070139.tar.gz
==> No patches needed for w3nco
==> w3nco: Executing phase: 'cmake'
==> w3nco: Executing phase: 'build'
==> Error: ProcessError: Command exited with status 2:
    'make' '-j16'

10 errors found in build log:
     346    /opt/intel/oneapi/compiler/2022.1.0/linux/bin-llvm/xfortcom[0x1055476]
     347    /opt/intel/oneapi/compiler/2022.1.0/linux/bin-llvm/xfortcom[0x1054c04]
     348    /opt/intel/oneapi/compiler/2022.1.0/linux/bin-llvm/xfortcom[0x11fb612]
     349    /lib/x86_64-linux-gnu/libc.so.6(__libc_start_main+0xf3)[0x7f053728d083]
     350    /opt/intel/oneapi/compiler/2022.1.0/linux/bin-llvm/xfortcom[0xe701e9]
     351    
  >> 352    /tmp/root/spack-stage/spack-stage-w3nco-2.4.1-vmp22y5hg6yd5vkdc5qsdckxo2xl337t/spack-src/src/iw3unp29.f(1469): error #5533: Feature found on this line is not ye
            t supported in ifx
     353          END
     354    ------^
     355    compilation aborted for /tmp/root/spack-stage/spack-stage-w3nco-2.4.1-vmp22y5hg6yd5vkdc5qsdckxo2xl337t/spack-src/src/iw3unp29.f (code 3)
     356    /opt/intel/oneapi/compiler/2022.1.0/linux/bin-llvm/xfortcom[0x146f4ea]
     357    /opt/intel/oneapi/compiler/2022.1.0/linux/bin-llvm/xfortcom[0x10f84dd]
     358    /opt/intel/oneapi/compiler/2022.1.0/linux/bin-llvm/xfortcom[0x1156992]

     ...

     369    /opt/intel/oneapi/compiler/2022.1.0/linux/bin-llvm/xfortcom[0x1055476]
     370    /opt/intel/oneapi/compiler/2022.1.0/linux/bin-llvm/xfortcom[0x1054c04]
     371    /opt/intel/oneapi/compiler/2022.1.0/linux/bin-llvm/xfortcom[0x11fb612]
     372    /lib/x86_64-linux-gnu/libc.so.6(__libc_start_main+0xf3)[0x7fa0c73af083]
     373    /opt/intel/oneapi/compiler/2022.1.0/linux/bin-llvm/xfortcom[0xe701e9]
     374    
  >> 375    /tmp/root/spack-stage/spack-stage-w3nco-2.4.1-vmp22y5hg6yd5vkdc5qsdckxo2xl337t/spack-src/src/iw3unp29.f(1469): error #5533: Feature found on this line is not ye
            t supported in ifx
     376          END
     377    ------^
  >> 378    make[2]: *** [src/CMakeFiles/w3nco_4_f.dir/build.make:546: src/CMakeFiles/w3nco_4_f.dir/iw3unp29.f.o] Error 3
     379    make[2]: *** Waiting for unfinished jobs....
     380    [ 37%] Building Fortran object src/CMakeFiles/w3nco_8_f.dir/mkfldsep.f.o
     381    compilation aborted for /tmp/root/spack-stage/spack-stage-w3nco-2.4.1-vmp22y5hg6yd5vkdc5qsdckxo2xl337t/spack-src/src/iw3unp29.f (code 3)
     382    cd /tmp/root/spack-stage/spack-stage-w3nco-2.4.1-vmp22y5hg6yd5vkdc5qsdckxo2xl337t/spack-build-vmp22y5/src && /spack/lib/spack/env/oneapi/ifx -DLINUX  -O2 -g -mo
            dule include_8 -c /tmp/root/spack-stage/spack-stage-w3nco-2.4.1-vmp22y5hg6yd5vkdc5qsdckxo2xl337t/spack-src/src/mkfldsep.f -o CMakeFiles/w3nco_8_f.dir/mkfldsep.f
            .o
  >> 383    make[2]: *** [src/CMakeFiles/w3nco_d_f.dir/build.make:546: src/CMakeFiles/w3nco_d_f.dir/iw3unp29.f.o] Error 3
     384    make[2]: *** Waiting for unfinished jobs....
     385    [ 37%] Building Fortran object src/CMakeFiles/w3nco_4_f.dir/lengds.f.o
     386    cd /tmp/root/spack-stage/spack-stage-w3nco-2.4.1-vmp22y5hg6yd5vkdc5qsdckxo2xl337t/spack-build-vmp22y5/src && /spack/lib/spack/env/oneapi/ifx -DLINUX  -O2 -g -mo
            dule include_4 -c /tmp/root/spack-stage/spack-stage-w3nco-2.4.1-vmp22y5hg6yd5vkdc5qsdckxo2xl337t/spack-src/src/lengds.f -o CMakeFiles/w3nco_4_f.dir/lengds.f.o
     387    [ 38%] Building Fortran object src/CMakeFiles/w3nco_d_f.dir/lengds.f.o
     388    cd /tmp/root/spack-stage/spack-stage-w3nco-2.4.1-vmp22y5hg6yd5vkdc5qsdckxo2xl337t/spack-build-vmp22y5/src && /spack/lib/spack/env/oneapi/ifx -DLINUX  -O2 -g -mo
            dule include_d -c /tmp/root/spack-stage/spack-stage-w3nco-2.4.1-vmp22y5hg6yd5vkdc5qsdckxo2xl337t/spack-src/src/lengds.f -o CMakeFiles/w3nco_d_f.dir/lengds.f.o
     389    [ 38%] Building Fortran object src/CMakeFiles/w3nco_4_f.dir/makwmo.f.o

     ...

     412    /opt/intel/oneapi/compiler/2022.1.0/linux/bin-llvm/xfortcom[0x1055476]
     413    /opt/intel/oneapi/compiler/2022.1.0/linux/bin-llvm/xfortcom[0x1054c04]
     414    /opt/intel/oneapi/compiler/2022.1.0/linux/bin-llvm/xfortcom[0x11fb612]
     415    /lib/x86_64-linux-gnu/libc.so.6(__libc_start_main+0xf3)[0x7ff7d1adf083]
     416    /opt/intel/oneapi/compiler/2022.1.0/linux/bin-llvm/xfortcom[0xe701e9]
     417    
  >> 418    /tmp/root/spack-stage/spack-stage-w3nco-2.4.1-vmp22y5hg6yd5vkdc5qsdckxo2xl337t/spack-src/src/iw3unp29.f(1469): error #5533: Feature found on this line is not ye
            t supported in ifx
     419          END
     420    ------^
     421    compilation aborted for /tmp/root/spack-stage/spack-stage-w3nco-2.4.1-vmp22y5hg6yd5vkdc5qsdckxo2xl337t/spack-src/src/iw3unp29.f (code 3)
  >> 422    make[2]: *** [src/CMakeFiles/w3nco_8_f.dir/build.make:546: src/CMakeFiles/w3nco_8_f.dir/iw3unp29.f.o] Error 3
     423    make[2]: *** Waiting for unfinished jobs....
     424    [ 39%] Building Fortran object src/CMakeFiles/w3nco_8_f.dir/putgben.f.o
     425    [ 39%] Building Fortran object src/CMakeFiles/w3nco_8_f.dir/putgbex.f.o
     426    cd /tmp/root/spack-stage/spack-stage-w3nco-2.4.1-vmp22y5hg6yd5vkdc5qsdckxo2xl337t/spack-build-vmp22y5/src && /spack/lib/spack/env/oneapi/ifx -DLINUX  -O2 -g -mo
            dule include_8 -c /tmp/root/spack-stage/spack-stage-w3nco-2.4.1-vmp22y5hg6yd5vkdc5qsdckxo2xl337t/spack-src/src/putgben.f -o CMakeFiles/w3nco_8_f.dir/putgben.f.o
     427    cd /tmp/root/spack-stage/spack-stage-w3nco-2.4.1-vmp22y5hg6yd5vkdc5qsdckxo2xl337t/spack-build-vmp22y5/src && /spack/lib/spack/env/oneapi/ifx -DLINUX  -O2 -g -mo
            dule include_8 -c /tmp/root/spack-stage/spack-stage-w3nco-2.4.1-vmp22y5hg6yd5vkdc5qsdckxo2xl337t/spack-src/src/putgbex.f -o CMakeFiles/w3nco_8_f.dir/putgbex.f.o
     428    [ 39%] Building Fortran object src/CMakeFiles/w3nco_8_f.dir/putgbn.f.o
     429    [ 40%] Building Fortran object src/CMakeFiles/w3nco_8_f.dir/putgb.f.o
     430    cd /tmp/root/spack-stage/spack-stage-w3nco-2.4.1-vmp22y5hg6yd5vkdc5qsdckxo2xl337t/spack-build-vmp22y5/src && /spack/lib/spack/env/oneapi/ifx -DLINUX  -O2 -g -mo
            dule include_8 -c /tmp/root/spack-stage/spack-stage-w3nco-2.4.1-vmp22y5hg6yd5vkdc5qsdckxo2xl337t/spack-src/src/putgbn.f -o CMakeFiles/w3nco_8_f.dir/putgbn.f.o
     431    cd /tmp/root/spack-stage/spack-stage-w3nco-2.4.1-vmp22y5hg6yd5vkdc5qsdckxo2xl337t/spack-build-vmp22y5/src && /spack/lib/spack/env/oneapi/ifx -DLINUX  -O2 -g -mo
            dule include_8 -c /tmp/root/spack-stage/spack-stage-w3nco-2.4.1-vmp22y5hg6yd5vkdc5qsdckxo2xl337t/spack-src/src/putgb.f -o CMakeFiles/w3nco_8_f.dir/putgb.f.o
     432    make[2]: Leaving directory '/tmp/root/spack-stage/spack-stage-w3nco-2.4.1-vmp22y5hg6yd5vkdc5qsdckxo2xl337t/spack-build-vmp22y5'
  >> 433    make[1]: *** [CMakeFiles/Makefile2:117: src/CMakeFiles/w3nco_4_f.dir/all] Error 2
     434    make[1]: *** Waiting for unfinished jobs....
     435    make[2]: Leaving directory '/tmp/root/spack-stage/spack-stage-w3nco-2.4.1-vmp22y5hg6yd5vkdc5qsdckxo2xl337t/spack-build-vmp22y5'
  >> 436    make[1]: *** [CMakeFiles/Makefile2:275: src/CMakeFiles/w3nco_d_f.dir/all] Error 2
     437    make[2]: Leaving directory '/tmp/root/spack-stage/spack-stage-w3nco-2.4.1-vmp22y5hg6yd5vkdc5qsdckxo2xl337t/spack-build-vmp22y5'
  >> 438    make[1]: *** [CMakeFiles/Makefile2:196: src/CMakeFiles/w3nco_8_f.dir/all] Error 2
     439    make[1]: Leaving directory '/tmp/root/spack-stage/spack-stage-w3nco-2.4.1-vmp22y5hg6yd5vkdc5qsdckxo2xl337t/spack-build-vmp22y5'
  >> 440    make: *** [Makefile:139: all] Error 2

See build log for details:
  /tmp/root/spack-stage/spack-stage-w3nco-2.4.1-vmp22y5hg6yd5vkdc5qsdckxo2xl337t/spack-build-out.txt

[+] /spack/opt/spack/linux-ubuntu20.04-x86_64/oneapi-2022.1.0/xerces-c-3.2.3-3s2iljlwtmn62faz7yg5btbryme3f4ly
[+] /spack/opt/spack/linux-ubuntu20.04-x86_64/oneapi-2022.1.0/py-wheel-0.37.1-wrecv3tdpmrfpyl2jjre34a7ssdd7nu6
[+] /spack/opt/spack/linux-ubuntu20.04-x86_64/oneapi-2022.1.0/py-setuptools-59.4.0-3sjldugsoc4u6okeaxzpkfqxyvapoiwi
[+] /spack/opt/spack/linux-ubuntu20.04-x86_64/oneapi-2022.1.0/openmpi-4.1.4-qvk4cgdqpls34wfk6wqxwavj5marlvan
[+] /spack/opt/spack/linux-ubuntu20.04-x86_64/oneapi-2022.1.0/py-gast-0.5.3-ckkrq6ml6tznsei4pwu3qn3oxpe6owyq
[+] /spack/opt/spack/linux-ubuntu20.04-x86_64/oneapi-2022.1.0/py-ply-3.11-mhvhmyvfzntgrb3ijbyp7y2grqprzs3v
[+] /spack/opt/spack/linux-ubuntu20.04-x86_64/oneapi-2022.1.0/py-pybind11-2.8.1-yh2szg26puftuagtdaxp664btrzp4i5u
[+] /spack/opt/spack/linux-ubuntu20.04-x86_64/oneapi-2022.1.0/py-cython-0.29.32-n4tmex6acklntdil6bzymnk4lpqn2fxp
[+] /spack/opt/spack/linux-ubuntu20.04-x86_64/oneapi-2022.1.0/parallel-netcdf-1.12.3-ynwvx3wyn5tespcs5nty5dkwymzqqblm
[+] /spack/opt/spack/linux-ubuntu20.04-x86_64/oneapi-2022.1.0/hdf5-1.12.2-7eolkfnoowjhb4qt33wavrxymjx3o6lo
[+] /spack/opt/spack/linux-ubuntu20.04-x86_64/oneapi-2022.1.0/py-beniget-0.4.1-qfc3zde7b5jrk2rltjcm4fccbe74prdp
[+] /spack/opt/spack/linux-ubuntu20.04-x86_64/oneapi-2022.1.0/py-numpy-1.22.4-3kuywpilodlb3trevotd7f7bpm7vbicv
[+] /spack/opt/spack/linux-ubuntu20.04-x86_64/oneapi-2022.1.0/netcdf-c-4.8.1-55ihl5yt7gqoanoi2h3jb44b7qfhdt7y
[+] /spack/opt/spack/linux-ubuntu20.04-x86_64/oneapi-2022.1.0/py-pythran-0.11.0-ikvvizyuugxf57btchurj3nuyfyoakcb
[+] /spack/opt/spack/linux-ubuntu20.04-x86_64/oneapi-2022.1.0/netcdf-fortran-4.5.4-73zgvjnfr5n5zorj4paop5r2icba4pid
==> Installing py-scipy-1.8.0-xzlben26denrqpfycb22lijdmm4p2t3k
==> No binary for py-scipy-1.8.0-xzlben26denrqpfycb22lijdmm4p2t3k found: installing from source
==> Fetching https://mirror.spack.io/_source-cache/archive/31/31d4f2d6b724bc9a98e527b5849b8a7e589bf1ea630c33aa563eda912c9ff0bd.tar.gz
==> No patches needed for py-scipy
==> py-scipy: Executing phase: 'install'
==> Error: ProcessError: Command exited with status 1:
    '/spack/opt/spack/linux-ubuntu20.04-x86_64/oneapi-2022.1.0/python-3.9.15-27kjcflp6kgjbmvsm5tydajifbqei5eq/bin/python3.9' '-m' 'pip' '-vvv' '--no-input' '--no-cache-dir' '--disable-pip-version-check' 'install' '--no-deps' '--ignore-installed' '--no-build-isolation' '--no-warn-script-location' '--no-index' '--prefix=/spack/opt/spack/linux-ubuntu20.04-x86_64/oneapi-2022.1.0/py-scipy-1.8.0-xzlben26denrqpfycb22lijdmm4p2t3k' '.'

35 errors found in build log:
     11      Created temporary directory: /tmp/pip-install-_ziz0ajy
     12      Processing /tmp/root/spack-stage/spack-stage-py-scipy-1.8.0-xzlben26denrqpfycb22lijdmm4p2t3k/spack-src
     13        Added file:///tmp/root/spack-stage/spack-stage-py-scipy-1.8.0-xzlben26denrqpfycb22lijdmm4p2t3k/spack-src to build tracker '/tmp/pip-build-tracker-kipnaeoy'
     14        Created temporary directory: /tmp/pip-modern-metadata-xg006f79
     15        Preparing metadata (pyproject.toml): started
     16        Running command Preparing metadata (pyproject.toml)
  >> 17      setup.py:482: UserWarning: Unrecognized setuptools command ('dist_info --egg-base /tmp/pip-modern-metadata-xg006f79'), proceeding with generating Cython source
             s and expanding templates
     18          warnings.warn("Unrecognized setuptools command ('{}'), proceeding with "
     19        Running scipy/special/_generate_pyx.py
     20        Running scipy/linalg/_generate_pyx.py
     21        Running scipy/stats/_generate_pyx.py
     22        Processing scipy/cluster/_optimal_leaf_ordering.pyx
     23        Processing scipy/cluster/_vq.pyx

     ...

     79        Processing scipy/sparse/csgraph/_min_spanning_tree.pyx
     80        Processing scipy/spatial/_hausdorff.pyx
     81        Processing scipy/spatial/_ckdtree.pyx
     82        Processing scipy/spatial/_voronoi.pyx
     83        Processing scipy/spatial/_qhull.pyx
     84        Processing scipy/spatial/transform/_rotation.pyx
  >> 85      warning: unuran_wrapper.pyx:470:21: Non-trivial type declarators in shared declaration (e.g. mix of pointers and values). Each pointer declaration should be on
              its own line.
  >> 86        warning: unuran_wrapper.pyx:470:28: Non-trivial type declarators in shared declaration (e.g. mix of pointers and values). Each pointer declaration should be 
             on its own line.
  >> 87        warning: unuran_wrapper.pyx:470:36: Non-trivial type declarators in shared declaration (e.g. mix of pointers and values). Each pointer declaration should be 
             on its own line.
  >> 88        warning: unuran_wrapper.pyx:515:21: Non-trivial type declarators in shared declaration (e.g. mix of pointers and values). Each pointer declaration should be 
             on its own line.
  >> 89        warning: unuran_wrapper.pyx:515:28: Non-trivial type declarators in shared declaration (e.g. mix of pointers and values). Each pointer declaration should be 
             on its own line.
  >> 90        warning: unuran_wrapper.pyx:515:36: Non-trivial type declarators in shared declaration (e.g. mix of pointers and values). Each pointer declaration should be 
             on its own line.
  >> 91        warning: unuran_wrapper.pyx:1476:21: Non-trivial type declarators in shared declaration (e.g. mix of pointers and values). Each pointer declaration should be
              on its own line.
  >> 92        warning: unuran_wrapper.pyx:1476:28: Non-trivial type declarators in shared declaration (e.g. mix of pointers and values). Each pointer declaration should be
              on its own line.
  >> 93        warning: unuran_wrapper.pyx:1476:36: Non-trivial type declarators in shared declaration (e.g. mix of pointers and values). Each pointer declaration should be
              on its own line.
     94        Running from SciPy source directory.
     95        Cythonizing sources
     96        INFO: lapack_opt_info:
     97        INFO: openblas_lapack_info:
     98        INFO: customize UnixCCompiler
     99        INFO: C compiler: /spack/lib/spack/env/oneapi/icx -Wno-unused-result -Wsign-compare -Wunreachable-code -DNDEBUG -g -fwrapv -O3 -Wall -fPIC -fp-model=strict -
             fPIC

     ...

     120       INFO:     libraries = ['openblas', 'openblas']
     121       INFO:     library_dirs = ['/spack/opt/spack/linux-ubuntu20.04-x86_64/oneapi-2022.1.0/openblas-0.3.21-m2gohnnobr2gyge7x6w3giw67aicyitj/lib']
     122       INFO:     language = c
     123       INFO:     define_macros = [('HAVE_CBLAS', None)]
     124       INFO:     runtime_library_dirs = ['/spack/opt/spack/linux-ubuntu20.04-x86_64/oneapi-2022.1.0/openblas-0.3.21-m2gohnnobr2gyge7x6w3giw67aicyitj/lib']
     125       INFO:
  >> 126     /spack/opt/spack/linux-ubuntu20.04-x86_64/oneapi-2022.1.0/py-numpy-1.22.4-3kuywpilodlb3trevotd7f7bpm7vbicv/lib/python3.9/site-packages/numpy/distutils/system_i
             nfo.py:937: UserWarning: Specified path /usr/local/include/python3.9 is invalid.
     127         return self.get_paths(self.section, key)
     128       INFO: blas_opt_info:
     129       INFO: openblas_info:
     130       INFO: C compiler: /spack/lib/spack/env/oneapi/icx -Wno-unused-result -Wsign-compare -Wunreachable-code -DNDEBUG -g -fwrapv -O3 -Wall -fPIC -fp-model=strict -
             fPIC
     131     
     132       creating /tmp/tmpzs2xnqx8/tmp

     ...

     1199      copying /spack/opt/spack/linux-ubuntu20.04-x86_64/oneapi-2022.1.0/py-numpy-1.22.4-3kuywpilodlb3trevotd7f7bpm7vbicv/lib/python3.9/site-packages/numpy/f2py/src
             /fortranobject.h -> build/src.linux-x86_64-3.9/build/src.linux-x86_64-3.9/build/src.linux-x86_64-3.9/scipy/linalg
     1200      INFO:   adding 'build/src.linux-x86_64-3.9/build/src.linux-x86_64-3.9/scipy/linalg/_fblas-f2pywrappers.f' to sources.
     1201      INFO: building extension "scipy.linalg._flapack" sources
     1202      INFO: from_template:> build/src.linux-x86_64-3.9/scipy/linalg/flapack.pyf
     1203      INFO: f2py options: []
     1204      INFO: f2py: build/src.linux-x86_64-3.9/scipy/linalg/flapack.pyf
  >> 1205    /spack/opt/spack/linux-ubuntu20.04-x86_64/oneapi-2022.1.0/py-numpy-1.22.4-3kuywpilodlb3trevotd7f7bpm7vbicv/lib/python3.9/site-packages/numpy/f2py/symbolic.py:1
             508: ExprWarning: fromstring: treating "'A'||" as symbol (original=(compute_v?(2*(*range=='A'||(*range=='I' && iu-il+1==n)?n:0)):0))
     1206        ewarn(
  >> 1207      /spack/opt/spack/linux-ubuntu20.04-x86_64/oneapi-2022.1.0/py-numpy-1.22.4-3kuywpilodlb3trevotd7f7bpm7vbicv/lib/python3.9/site-packages/numpy/f2py/symbolic.py
             :1508: ExprWarning: fromstring: treating "'I' && iu" as symbol (original=(compute_v?(2*(*range=='A'||(*range=='I' && iu-il+1==n)?n:0)):0))
     1208        ewarn(
  >> 1209      /spack/opt/spack/linux-ubuntu20.04-x86_64/oneapi-2022.1.0/py-numpy-1.22.4-3kuywpilodlb3trevotd7f7bpm7vbicv/lib/python3.9/site-packages/numpy/f2py/symbolic.py
             :1508: ExprWarning: fromstring: treating '(jobt == 0)&&' as symbol (original=((jobt == 0)&&(jobu == 3)?0:m))
     1210        ewarn(
  >> 1211      /spack/opt/spack/linux-ubuntu20.04-x86_64/oneapi-2022.1.0/py-numpy-1.22.4-3kuywpilodlb3trevotd7f7bpm7vbicv/lib/python3.9/site-packages/numpy/f2py/symbolic.py
             :1508: ExprWarning: fromstring: treating '(jobt == 0)&&' as symbol (original=((jobt == 0)&&(jobu == 3)?0:(jobu == 1?m:n)))
     1212        ewarn(
  >> 1213      /spack/opt/spack/linux-ubuntu20.04-x86_64/oneapi-2022.1.0/py-numpy-1.22.4-3kuywpilodlb3trevotd7f7bpm7vbicv/lib/python3.9/site-packages/numpy/f2py/symbolic.py
             :1508: ExprWarning: fromstring: treating '(jobt == 0)&&' as symbol (original=((jobt == 0)&&(jobv == 3)?0:ldv))
     1214        ewarn(
  >> 1215      /spack/opt/spack/linux-ubuntu20.04-x86_64/oneapi-2022.1.0/py-numpy-1.22.4-3kuywpilodlb3trevotd7f7bpm7vbicv/lib/python3.9/site-packages/numpy/f2py/symbolic.py
             :1508: ExprWarning: fromstring: treating '(jobt == 0)&&' as symbol (original=((jobt == 0)&&(jobv == 3)?0:n))
     1216        ewarn(
     1217      Reading fortran codes...
     1218            Reading file 'build/src.linux-x86_64-3.9/scipy/linalg/flapack.pyf' (format:free)
     1219      Post-processing...
     1220            Block: _flapack
     1221                            Block: gees__user__routines

     ...

     3870      INFO: building extension "scipy.spatial._voronoi" sources
     3871      INFO: building extension "scipy.spatial._hausdorff" sources
     3872      INFO: building extension "scipy.special._specfun" sources
     3873      creating build/src.linux-x86_64-3.9/scipy/special
     3874      INFO: f2py options: ['--no-wrap-functions']
     3875      INFO: f2py: scipy/special/specfun.pyf
  >> 3876    /spack/opt/spack/linux-ubuntu20.04-x86_64/oneapi-2022.1.0/py-numpy-1.22.4-3kuywpilodlb3trevotd7f7bpm7vbicv/lib/python3.9/site-packages/numpy/f2py/symbolic.py:1
             508: ExprWarning: fromstring: treating '(int)v' as symbol (original=(int)v+1)
     3877        ewarn(
  >> 3878      /spack/opt/spack/linux-ubuntu20.04-x86_64/oneapi-2022.1.0/py-numpy-1.22.4-3kuywpilodlb3trevotd7f7bpm7vbicv/lib/python3.9/site-packages/numpy/f2py/symbolic.py
             :1508: ExprWarning: fromstring: treating '(int)v' as symbol (original=abs((int)v)+2)
     3879        ewarn(
     3880      Reading fortran codes...
     3881            Reading file 'scipy/special/specfun.pyf' (format:free)
     3882      Post-processing...
     3883            Block: _specfun
     3884                            Block: clqmn

     ...

     4044      WARN: Could not locate executable armflang
     4045      ifx: command line warning #10157: ignoring option '-W'; argument is of wrong type
     4046      ifx: command line warning #10006: ignoring unknown option '-ffixed-form'
     4047      ifx: command line warning #10006: ignoring unknown option '-fno-second-underscore'
     4048      ifx: command line warning #10006: ignoring unknown option '-print-file-name=libgfortran.so'
     4049      ld: /opt/intel/oneapi/compiler/2022.1.0/linux/compiler/lib/intel64_lin/for_main.o: in function `main':
  >> 4050    for_main.c:(.text+0x2e): undefined reference to `MAIN__'
     4051      ifx: command line warning #10157: ignoring option '-W'; argument is of wrong type
     4052      ifx: command line warning #10006: ignoring unknown option '-ffixed-form'
     4053      ifx: command line warning #10006: ignoring unknown option '-fno-second-underscore'
     4054      ifx: command line warning #10006: ignoring unknown option '-print-file-name=libgfortran.so'
     4055      ld: /opt/intel/oneapi/compiler/2022.1.0/linux/compiler/lib/intel64_lin/for_main.o: in function `main':
  >> 4056      for_main.c:(.text+0x2e): undefined reference to `MAIN__'
     4057      ifx: command line warning #10157: ignoring option '-W'; argument is of wrong type
     4058      ifx: command line warning #10006: ignoring unknown option '-ffixed-form'
     4059      ifx: command line warning #10006: ignoring unknown option '-fno-second-underscore'
     4060      ifx: command line warning #10006: ignoring unknown option '-print-libgcc-file-name'
     4061      ld: /opt/intel/oneapi/compiler/2022.1.0/linux/compiler/lib/intel64_lin/for_main.o: in function `main':
  >> 4062      for_main.c:(.text+0x2e): undefined reference to `MAIN__'
     4063      ifx: command line warning #10157: ignoring option '-W'; argument is of wrong type
     4064      ifx: command line warning #10006: ignoring unknown option '-ffixed-form'
     4065      ifx: command line warning #10006: ignoring unknown option '-fno-second-underscore'
     4066      ifx: command line warning #10006: ignoring unknown option '-print-file-name=libgfortran.so'
     4067      ld: /opt/intel/oneapi/compiler/2022.1.0/linux/compiler/lib/intel64_lin/for_main.o: in function `main':
  >> 4068      for_main.c:(.text+0x2e): undefined reference to `MAIN__'
     4069      ifx: command line warning #10157: ignoring option '-W'; argument is of wrong type
     4070      ifx: command line warning #10006: ignoring unknown option '-ffixed-form'
     4071      ifx: command line warning #10006: ignoring unknown option '-fno-second-underscore'
     4072      ifx: command line warning #10006: ignoring unknown option '-print-file-name=libgfortran.so'
     4073      ld: /opt/intel/oneapi/compiler/2022.1.0/linux/compiler/lib/intel64_lin/for_main.o: in function `main':
  >> 4074      for_main.c:(.text+0x2e): undefined reference to `MAIN__'
     4075      ifx: command line warning #10157: ignoring option '-W'; argument is of wrong type
     4076      ifx: command line warning #10006: ignoring unknown option '-ffixed-form'
     4077      ifx: command line warning #10006: ignoring unknown option '-fno-second-underscore'
     4078      ifx: command line warning #10006: ignoring unknown option '-print-libgcc-file-name'
     4079      ld: /opt/intel/oneapi/compiler/2022.1.0/linux/compiler/lib/intel64_lin/for_main.o: in function `main':
  >> 4080      for_main.c:(.text+0x2e): undefined reference to `MAIN__'
     4081      INFO: building extension "scipy._lib._test_deprecation_call" sources
     4082      INFO: building extension "scipy._lib._test_deprecation_def" sources
     4083      INFO: building extension "scipy._lib._uarray._uarray" sources
     4084      INFO: building data_files sources
     4085      INFO: build_src: building npy-pkg config files
  >> 4086      /spack/opt/spack/linux-ubuntu20.04-x86_64/oneapi-2022.1.0/py-setuptools-59.4.0-3sjldugsoc4u6okeaxzpkfqxyvapoiwi/lib/python3.9/site-packages/setuptools/comman
             d/install.py:34: SetuptoolsDeprecationWarning: setup.py install is deprecated. Use build and pip and other standards-based tools.
     4087        warnings.warn(
     4088      creating /tmp/pip-modern-metadata-xg006f79/scipy.egg-info
     4089      writing /tmp/pip-modern-metadata-xg006f79/scipy.egg-info/PKG-INFO
     4090      writing dependency_links to /tmp/pip-modern-metadata-xg006f79/scipy.egg-info/dependency_links.txt
     4091      writing requirements to /tmp/pip-modern-metadata-xg006f79/scipy.egg-info/requires.txt
     4092      writing top-level names to /tmp/pip-modern-metadata-xg006f79/scipy.egg-info/top_level.txt
     4093      writing manifest file '/tmp/pip-modern-metadata-xg006f79/scipy.egg-info/SOURCES.txt'
  >> 4094    /spack/opt/spack/linux-ubuntu20.04-x86_64/oneapi-2022.1.0/py-setuptools-59.4.0-3sjldugsoc4u6okeaxzpkfqxyvapoiwi/lib/python3.9/site-packages/setuptools/command/
             egg_info.py:624: SetuptoolsDeprecationWarning: Custom 'build_py' does not implement 'get_data_files_without_manifest'.
     4095      Please extend command classes from setuptools instead of distutils.
     4096        warnings.warn(
     4097      reading manifest file '/tmp/pip-modern-metadata-xg006f79/scipy.egg-info/SOURCES.txt'
     4098      reading manifest template 'MANIFEST.in'
     4099      warning: no previously-included files matching '*_subr_*.f' found under directory 'scipy/linalg/src/id_dist/src'
     4100      no previously-included directories found matching 'benchmarks/env'

     ...

     4221      INFO:     libraries = ['openblas', 'openblas']
     4222      INFO:     library_dirs = ['/spack/opt/spack/linux-ubuntu20.04-x86_64/oneapi-2022.1.0/openblas-0.3.21-m2gohnnobr2gyge7x6w3giw67aicyitj/lib']
     4223      INFO:     language = c
     4224      INFO:     define_macros = [('HAVE_CBLAS', None)]
     4225      INFO:     runtime_library_dirs = ['/spack/opt/spack/linux-ubuntu20.04-x86_64/oneapi-2022.1.0/openblas-0.3.21-m2gohnnobr2gyge7x6w3giw67aicyitj/lib']
     4226      INFO:
  >> 4227    /spack/opt/spack/linux-ubuntu20.04-x86_64/oneapi-2022.1.0/py-numpy-1.22.4-3kuywpilodlb3trevotd7f7bpm7vbicv/lib/python3.9/site-packages/numpy/distutils/system_i
             nfo.py:937: UserWarning: Specified path /usr/local/include/python3.9 is invalid.
     4228        return self.get_paths(self.section, key)
     4229      INFO: blas_opt_info:
     4230      INFO: openblas_info:
     4231      INFO: C compiler: /spack/lib/spack/env/oneapi/icx -Wno-unused-result -Wsign-compare -Wunreachable-code -DNDEBUG -g -fwrapv -O3 -Wall -fPIC -fp-model=strict -
             fPIC
     4232    
     4233      creating /tmp/tmpqkjezg9y/tmp

     ...

     5242      INFO: CCompilerOpt.cc_test_flags[1029] : testing flags (-mavx5124fmaps -mavx5124vnniw -mavx512vpopcntdq)
     5243      INFO: C compiler: /spack/lib/spack/env/oneapi/icx -Wno-unused-result -Wsign-compare -Wunreachable-code -DNDEBUG -g -fwrapv -O3 -Wall -fPIC -fp-model=strict -
             fPIC
     5244    
     5245      INFO: compile options: '-c'
     5246      extra options: '-mavx5124fmaps -mavx5124vnniw -mavx512vpopcntdq'
     5247      WARN: CCompilerOpt.dist_test[598] : CCompilerOpt._dist_test_spawn[732] : Command (/spack/lib/spack/env/oneapi/icx -Wno-unused-result -Wsign-compare -Wunreach
             able-code -DNDEBUG -g -fwrapv -O3 -Wall -fPIC -fp-model=strict -fPIC -c /spack/opt/spack/linux-ubuntu20.04-x86_64/oneapi-2022.1.0/py-numpy-1.22.4-3kuywpilodlb3
             trevotd7f7bpm7vbicv/lib/python3.9/site-packages/numpy/distutils/checks/test_flags.c -o /tmp/tmp5vtapu4j/spack/opt/spack/linux-ubuntu20.04-x86_64/oneapi-2022.1.
             0/py-numpy-1.22.4-3kuywpilodlb3trevotd7f7bpm7vbicv/lib/python3.9/site-packages/numpy/distutils/checks/test_flags.o -MMD -MF /tmp/tmp5vtapu4j/spack/opt/spack/li
             nux-ubuntu20.04-x86_64/oneapi-2022.1.0/py-numpy-1.22.4-3kuywpilodlb3trevotd7f7bpm7vbicv/lib/python3.9/site-packages/numpy/distutils/checks/test_flags.o.d -mavx
             5124fmaps -mavx5124vnniw -mavx512vpopcntdq) failed with exit status 1 output ->
  >> 5248    clang: error: unknown argument: '-mavx5124fmaps'
  >> 5249      clang: error: unknown argument: '-mavx5124vnniw'
     5250    
     5251      WARN: CCompilerOpt.cc_test_flags[1033] : testing failed
     5252      INFO: CCompilerOpt.feature_test[1482] : testing feature 'AVX512_KNM' with flags (-msse -msse2 -msse3 -mssse3 -msse4.1 -mpopcnt -msse4.2 -mavx -mf16c -mfma -m
             avx2 -mavx512f -mavx512cd -mavx512er -mavx512pf)
     5253      INFO: C compiler: /spack/lib/spack/env/oneapi/icx -Wno-unused-result -Wsign-compare -Wunreachable-code -DNDEBUG -g -fwrapv -O3 -Wall -fPIC -fp-model=strict -
             fPIC
     5254    
     5255      INFO: compile options: '-c'
     5256      extra options: '-msse -msse2 -msse3 -mssse3 -msse4.1 -mpopcnt -msse4.2 -mavx -mf16c -mfma -mavx2 -mavx512f -mavx512cd -mavx512er -mavx512pf -Werror'
     5257      WARN: CCompilerOpt.dist_test[598] : CCompilerOpt._dist_test_spawn[732] : Command (/spack/lib/spack/env/oneapi/icx -Wno-unused-result -Wsign-compare -Wunreach
             able-code -DNDEBUG -g -fwrapv -O3 -Wall -fPIC -fp-model=strict -fPIC -c /spack/opt/spack/linux-ubuntu20.04-x86_64/oneapi-2022.1.0/py-numpy-1.22.4-3kuywpilodlb3
             trevotd7f7bpm7vbicv/lib/python3.9/site-packages/numpy/distutils/checks/cpu_avx512_knm.c -o /tmp/tmp5vtapu4j/spack/opt/spack/linux-ubuntu20.04-x86_64/oneapi-202
             2.1.0/py-numpy-1.22.4-3kuywpilodlb3trevotd7f7bpm7vbicv/lib/python3.9/site-packages/numpy/distutils/checks/cpu_avx512_knm.o -MMD -MF /tmp/tmp5vtapu4j/spack/opt/
             spack/linux-ubuntu20.04-x86_64/oneapi-2022.1.0/py-numpy-1.22.4-3kuywpilodlb3trevotd7f7bpm7vbicv/lib/python3.9/site-packages/numpy/distutils/checks/cpu_avx512_k
             nm.o.d -msse -msse2 -msse3 -mssse3 -msse4.1 -mpopcnt -msse4.2 -mavx -mf16c -mfma -mavx2 -mavx512f -mavx512cd -mavx512er -mavx512pf -Werror) failed with exit st
             atus 1 output ->
  >> 5258    /spack/opt/spack/linux-ubuntu20.04-x86_64/oneapi-2022.1.0/py-numpy-1.22.4-3kuywpilodlb3trevotd7f7bpm7vbicv/lib/python3.9/site-packages/numpy/distutils/checks/c
             pu_avx512_knm.c:22:9: error: implicit declaration of function '_mm512_4fmadd_ps' is invalid in C99 [-Werror,-Wimplicit-function-declaration]
     5259          b = _mm512_4fmadd_ps(b, b, b, b, b, NULL);
     5260              ^
     5261      /spack/opt/spack/linux-ubuntu20.04-x86_64/oneapi-2022.1.0/py-numpy-1.22.4-3kuywpilodlb3trevotd7f7bpm7vbicv/lib/python3.9/site-packages/numpy/distutils/checks
             /cpu_avx512_knm.c:22:9: note: did you mean '_mm512_fmadd_ps'?
     5262      /opt/intel/oneapi/compiler/2022.1.0/linux/lib/clang/14.0.0/include/avx512fintrin.h:2725:1: note: '_mm512_fmadd_ps' declared here
     5263      _mm512_fmadd_ps(__m512 __A, __m512 __B, __m512 __C)
     5264      ^
  >> 5265    /spack/opt/spack/linux-ubuntu20.04-x86_64/oneapi-2022.1.0/py-numpy-1.22.4-3kuywpilodlb3trevotd7f7bpm7vbicv/lib/python3.9/site-packages/numpy/distutils/checks/c
             pu_avx512_knm.c:22:7: error: assigning to '__m512' (vector of 16 'float' values) from incompatible type 'int'
     5266          b = _mm512_4fmadd_ps(b, b, b, b, b, NULL);
     5267            ^ ~~~~~~~~~~~~~~~~~~~~~~~~~~~~~~~~~~~~~
  >> 5268      /spack/opt/spack/linux-ubuntu20.04-x86_64/oneapi-2022.1.0/py-numpy-1.22.4-3kuywpilodlb3trevotd7f7bpm7vbicv/lib/python3.9/site-packages/numpy/distutils/checks
             /cpu_avx512_knm.c:24:9: error: implicit declaration of function '_mm512_4dpwssd_epi32' is invalid in C99 [-Werror,-Wimplicit-function-declaration]
     5269          a = _mm512_4dpwssd_epi32(a, a, a, a, a, NULL);
     5270              ^
     5271      /spack/opt/spack/linux-ubuntu20.04-x86_64/oneapi-2022.1.0/py-numpy-1.22.4-3kuywpilodlb3trevotd7f7bpm7vbicv/lib/python3.9/site-packages/numpy/distutils/checks
             /cpu_avx512_knm.c:24:9: note: did you mean '_mm512_dpwssd_epi32'?
     5272      /opt/intel/oneapi/compiler/2022.1.0/linux/lib/clang/14.0.0/include/avx512vnniintrin.h:68:1: note: '_mm512_dpwssd_epi32' declared here
     5273      _mm512_dpwssd_epi32(__m512i __S, __m512i __A, __m512i __B)
     5274      ^
  >> 5275    /spack/opt/spack/linux-ubuntu20.04-x86_64/oneapi-2022.1.0/py-numpy-1.22.4-3kuywpilodlb3trevotd7f7bpm7vbicv/lib/python3.9/site-packages/numpy/distutils/checks/c
             pu_avx512_knm.c:24:7: error: assigning to '__m512i' (vector of 8 'long long' values) from incompatible type 'int'
     5276          a = _mm512_4dpwssd_epi32(a, a, a, a, a, NULL);
     5277            ^ ~~~~~~~~~~~~~~~~~~~~~~~~~~~~~~~~~~~~~~~~~
     5278      4 errors generated.
     5279    
     5280      WARN: CCompilerOpt.feature_test[1498] : testing failed
     5281      INFO: CCompilerOpt.cc_test_flags[1029] : testing flags (-mavx512ifma -mavx512vbmi)

     ...

     7248      /spack/opt/spack/linux-ubuntu20.04-x86_64/oneapi-2022.1.0/py-numpy-1.22.4-3kuywpilodlb3trevotd7f7bpm7vbicv/lib/python3.9/site-packages/numpy/core/include/num
             py/npy_1_7_deprecated_api.h:17:2: warning: "Using deprecated NumPy API, disable it with "          "#define NPY_NO_DEPRECATED_API NPY_1_7_API_VERSION" [-W#warn
             ings]
     7249      #warning "Using deprecated NumPy API, disable it with " \
     7250       ^
     7251      1 warning generated.
     7252      INFO: /opt/intel/oneapi/compiler/2022.1.0/linux/bin/intel64/ifort -shared -shared -nofor_main build/temp.linux-x86_64-3.9/scipy/integrate/_quadpackmodule.o -
             L/spack/opt/spack/linux-ubuntu20.04-x86_64/oneapi-2022.1.0/openblas-0.3.21-m2gohnnobr2gyge7x6w3giw67aicyitj/lib -L/spack/opt/spack/linux-ubuntu20.04-x86_64/one
             api-2022.1.0/python-3.9.15-27kjcflp6kgjbmvsm5tydajifbqei5eq/lib -Lbuild/temp.linux-x86_64-3.9 -Wl,-rpath=/spack/opt/spack/linux-ubuntu20.04-x86_64/oneapi-2022.
             1.0/openblas-0.3.21-m2gohnnobr2gyge7x6w3giw67aicyitj/lib -lquadpack -lmach -lopenblas -lopenblas -o build/lib.linux-x86_64-3.9/scipy/integrate/_quadpack.cpytho
             n-39-x86_64-linux-gnu.so
     7253      ifort: command line warning #10434: option '-nofor_main' use with underscore is deprecated; use '-nofor-main' instead
  >> 7254    ld: /opt/intel/oneapi/compiler/2022.1.0/linux/bin/intel64/../../bin/intel64/../../lib/icx-lto.so: error loading plugin: libimf.so: cannot open shared object fi
             le: No such file or directory
     7255      error: Command "/opt/intel/oneapi/compiler/2022.1.0/linux/bin/intel64/ifort -shared -shared -nofor_main build/temp.linux-x86_64-3.9/scipy/integrate/_quadpack
             module.o -L/spack/opt/spack/linux-ubuntu20.04-x86_64/oneapi-2022.1.0/openblas-0.3.21-m2gohnnobr2gyge7x6w3giw67aicyitj/lib -L/spack/opt/spack/linux-ubuntu20.04-
             x86_64/oneapi-2022.1.0/python-3.9.15-27kjcflp6kgjbmvsm5tydajifbqei5eq/lib -Lbuild/temp.linux-x86_64-3.9 -Wl,-rpath=/spack/opt/spack/linux-ubuntu20.04-x86_64/on
             eapi-2022.1.0/openblas-0.3.21-m2gohnnobr2gyge7x6w3giw67aicyitj/lib -lquadpack -lmach -lopenblas -lopenblas -o build/lib.linux-x86_64-3.9/scipy/integrate/_quadp
             ack.cpython-39-x86_64-linux-gnu.so" failed with exit status 1
     7256      INFO:
     7257      ########### EXT COMPILER OPTIMIZATION ###########
     7258      INFO: Platform      :
     7259        Architecture: x64
     7260        Compiler    : unix-like

See build log for details:
  /tmp/root/spack-stage/spack-stage-py-scipy-1.8.0-xzlben26denrqpfycb22lijdmm4p2t3k/spack-build-out.txt

==> Installing esmf-8.3.0b09-yytw4auri53wo4r4zaqn6dgatwwxuaps
==> No binary for esmf-8.3.0b09-yytw4auri53wo4r4zaqn6dgatwwxuaps found: installing from source
1 out of 1 hunk FAILED -- saving rejects to file src/Infrastructure/Mesh/src/Legacy/ESMCI_MeshPNC.C.rej
1 out of 1 hunk FAILED -- saving rejects to file src/Infrastructure/Mesh/src/Legacy/ESMCI_WriteWeightsPar.C.rej
==> Patch /spack/var/spack/repos/builtin/packages/esmf/longtoint.patch failed.
==> Error: ProcessError: Command exited with status 1:
    '/usr/bin/patch' '-s' '-p' '1' '-i' '/spack/var/spack/repos/builtin/packages/esmf/longtoint.patch' '-d' '.'
==> Error: w3nco-2.4.1-vmp22y5hg6yd5vkdc5qsdckxo2xl337t: ProcessError: Command exited with status 2:
    'make' '-j16'
==> Error: py-scipy-1.8.0-xzlben26denrqpfycb22lijdmm4p2t3k: ProcessError: Command exited with status 1:
    '/spack/opt/spack/linux-ubuntu20.04-x86_64/oneapi-2022.1.0/python-3.9.15-27kjcflp6kgjbmvsm5tydajifbqei5eq/bin/python3.9' '-m' 'pip' '-vvv' '--no-input' '--no-cache-dir' '--disable-pip-version-check' 'install' '--no-deps' '--ignore-installed' '--no-build-isolation' '--no-warn-script-location' '--no-index' '--prefix=/spack/opt/spack/linux-ubuntu20.04-x86_64/oneapi-2022.1.0/py-scipy-1.8.0-xzlben26denrqpfycb22lijdmm4p2t3k' '.'
==> Error: esmf-8.3.0b09-yytw4auri53wo4r4zaqn6dgatwwxuaps: ProcessError: Command exited with status 1:
    '/usr/bin/patch' '-s' '-p' '1' '-i' '/spack/var/spack/repos/builtin/packages/esmf/longtoint.patch' '-d' '.'
==> Error: esmf-8.3.0b09-yytw4auri53wo4r4zaqn6dgatwwxuaps: Package was not installed
==> Error: py-scipy-1.8.0-xzlben26denrqpfycb22lijdmm4p2t3k: Package was not installed
==> Error: w3nco-2.4.1-vmp22y5hg6yd5vkdc5qsdckxo2xl337t: Package was not installed
==> Error: Installation request failed.  Refer to reported errors for failing package(s).
