==> Installing environment /noaa-prototyping/nvhpc
[+] /spack/opt/spack/linux-ubuntu20.04-x86_64/nvhpc-22.9/ca-certificates-mozilla-2022-10-11-mig2oeend46acdrubr7eltfsbluck6bw
[+] /spack/opt/spack/linux-ubuntu20.04-x86_64/nvhpc-22.9/berkeley-db-18.1.40-eu2o6jcr56u3wlqkmoaprmtpbxqb3chh
[+] /spack/opt/spack/linux-ubuntu20.04-x86_64/nvhpc-22.9/libiconv-1.16-4gm4r3unr3kguxuisevj2fgrfajolnam
[+] /spack/opt/spack/linux-ubuntu20.04-x86_64/nvhpc-22.9/pkgconf-1.8.0-eufn4i3zplhou43qndc4gelmodduzpo2
[+] /spack/opt/spack/linux-ubuntu20.04-x86_64/nvhpc-22.9/zlib-1.2.13-k6jhdesxobpjao3hau5hxyf6wn3xs7sw
[+] /spack/opt/spack/linux-ubuntu20.04-x86_64/nvhpc-22.9/libmd-1.0.4-wuojbwmpzgdoh43qaulm6c4gctgfnz5a
[+] /spack/opt/spack/linux-ubuntu20.04-x86_64/nvhpc-22.9/lz4-1.9.4-x4aseer7twccrqfafnabgm43x3akf52s
[+] /spack/opt/spack/linux-ubuntu20.04-x86_64/nvhpc-22.9/lzo-2.10-n6xk2bpn6zhtiqx5quvjvfitj6kqjyvo
[+] /spack/opt/spack/linux-ubuntu20.04-x86_64/nvhpc-22.9/mbedtls-2.28.0-fpmrsb5ygqx3rjfrbdcza4rkpf2mjhwc
[+] /spack/opt/spack/linux-ubuntu20.04-x86_64/nvhpc-22.9/xz-5.2.5-5u5h3pw4y2pwd3tykpwwfldojwd5pwhh
[+] /spack/opt/spack/linux-ubuntu20.04-x86_64/nvhpc-22.9/zstd-1.5.2-did42de74jcv6aq64djtyk6mz64eclem
[+] /spack/opt/spack/linux-ubuntu20.04-x86_64/nvhpc-22.9/libuv-1.44.1-gzyyfyeoy7zcxir4iaueqaugb7c7smsa
[+] /spack/opt/spack/linux-ubuntu20.04-x86_64/nvhpc-22.9/rhash-1.4.2-w632axkyehxl7xrli3gxvoenyrfov3mm
[+] /spack/opt/spack/linux-ubuntu20.04-x86_64/nvhpc-22.9/libsigsegv-2.13-thlphjbe5porrqzkpv3546dscosc4nbm
[+] /spack/opt/spack/linux-ubuntu20.04-x86_64/nvhpc-22.9/util-macros-1.19.3-uchyxllnkzsi67bqmvhd2svihx5tmfo5
[+] /spack/opt/spack/linux-ubuntu20.04-x86_64/gcc-11.1.0/libffi-3.4.2-5qtg5wcigrkucg4yofxs3oxp44724wpd
[+] /spack/opt/spack/linux-ubuntu20.04-x86_64/nvhpc-22.9/diffutils-3.7-vndicfx6rzzjwn5uzi3xmz43vfbbekjy
[+] /spack/opt/spack/linux-ubuntu20.04-x86_64/nvhpc-22.9/ncurses-6.3-pikli5bfdw5p74uymr6vbihoni6hvtnr
[+] /spack/opt/spack/linux-ubuntu20.04-x86_64/nvhpc-22.9/util-linux-uuid-2.38.1-ylzbrfhtdmi7os55lwi4ipm5osu74wnn
[+] /spack/opt/spack/linux-ubuntu20.04-x86_64/nvhpc-22.9/pigz-2.7-ocqfy2o47gvuw2l5ga2n3l4fajoid3ku
[+] /spack/opt/spack/linux-ubuntu20.04-x86_64/nvhpc-22.9/libbsd-0.11.3-5dpgjziytp4ln57nad23xk5llv2idhuv
[+] /spack/opt/spack/linux-ubuntu20.04-x86_64/nvhpc-22.9/libxml2-2.10.1-hsf47lqk6lwvjdftxugjgftbgbabvisl
[+] /spack/opt/spack/linux-ubuntu20.04-x86_64/nvhpc-22.9/bzip2-1.0.8-ofhuh5eiiglz7qluzkf7hokfefnqlkwl
[+] /spack/opt/spack/linux-ubuntu20.04-x86_64/nvhpc-22.9/m4-1.4.19-2csxaawbz7eketdf5m56swmtonez5f7g
[+] /spack/opt/spack/linux-ubuntu20.04-x86_64/nvhpc-22.9/libedit-3.1-20210216-yu6lnl7o4odypvocog34rvc3atcojyrr
[+] /spack/opt/spack/linux-ubuntu20.04-x86_64/nvhpc-22.9/readline-8.1.2-he6lop2eqxuajz36hoajd3gf35beaqtd
[+] /spack/opt/spack/linux-ubuntu20.04-x86_64/nvhpc-22.9/expat-2.4.8-fzce762dzoj6z5ygs72hjpipl4bygfyl
[+] /spack/opt/spack/linux-ubuntu20.04-x86_64/nvhpc-22.9/tar-1.30-vtwqjnbenicvnywee2h47ruo3iqrque3
[+] /spack/opt/spack/linux-ubuntu20.04-x86_64/nvhpc-22.9/libtool-2.4.7-w3cne4bwcq2dhuuqextzr62nhaczdsz3
[+] /spack/opt/spack/linux-ubuntu20.04-x86_64/nvhpc-22.9/sqlite-3.39.4-iwp2mlqc6ydszbdreb64wehocxhdexre
[+] /spack/opt/spack/linux-ubuntu20.04-x86_64/nvhpc-22.9/gdbm-1.19-oqwdou4xm7djregpjp7eslffelnr3ctc
[+] /spack/opt/spack/linux-ubuntu20.04-x86_64/nvhpc-22.9/libarchive-3.5.2-wjqceeitasrv3vxsafjn5lvjydwk5qkx
[+] /spack/opt/spack/linux-ubuntu20.04-x86_64/nvhpc-22.9/gettext-0.21.1-xffjm3uhnx7n2sve7oas57uxuuevebc4
[+] /spack/opt/spack/linux-ubuntu20.04-x86_64/nvhpc-22.9/libpciaccess-0.16-t26pwz6jtl4xxsxkseieysfb2zqdvv2q
[+] /spack/opt/spack/linux-ubuntu20.04-x86_64/nvhpc-22.9/perl-5.34.1-q7evhnkkonhwvzhqimwfwn46sa2fgd3i
[+] /spack/opt/spack/linux-ubuntu20.04-x86_64/nvhpc-22.9/hwloc-2.8.0-owo7cauykjrkvbaz2xea3prqpnzlns3p
[+] /spack/opt/spack/linux-ubuntu20.04-x86_64/nvhpc-22.9/bison-3.8.2-dayceb6fl56zwph6hn2i65rzdy3chevq
[+] /spack/opt/spack/linux-ubuntu20.04-x86_64/nvhpc-22.9/openblas-0.3.21-4x4qq4kvtur7vhcsqemd45tqjwsa6ux5
[+] /spack/opt/spack/linux-ubuntu20.04-x86_64/nvhpc-22.9/autoconf-2.69-xrch2nzteqpfgmcmnj5vxboz6uug4ks6
[+] /spack/opt/spack/linux-ubuntu20.04-x86_64/nvhpc-22.9/openssl-1.1.1q-mg4pngcjb3avavs263bnsftxrjd2jurh
[+] /spack/opt/spack/linux-ubuntu20.04-x86_64/nvhpc-22.9/automake-1.16.5-fuwxy2hjzvoucm3mpmdrbgsw5ksa6u35
[+] /spack/opt/spack/linux-ubuntu20.04-x86_64/nvhpc-22.9/krb5-1.19.3-ljfngegma35fppkrxouswmv7boccfjgi
[+] /spack/opt/spack/linux-ubuntu20.04-x86_64/nvhpc-22.9/libevent-2.1.12-uxhvbenwno2poml22rzbz6tommnq6zbi
[+] /spack/opt/spack/linux-ubuntu20.04-x86_64/nvhpc-22.9/curl-7.85.0-5o4j3v2asfbe6ituyywzycriyyeg6rge
[+] /spack/opt/spack/linux-ubuntu20.04-x86_64/gcc-11.1.0/python-3.9.15-nvrvb4jsngzkse5ul372waucxh3refgt
[+] /spack/opt/spack/linux-ubuntu20.04-x86_64/nvhpc-22.9/numactl-2.0.14-mpiafpwl7xxxyfpp7zqfvvv3a4y5l4c4
[+] /spack/opt/spack/linux-ubuntu20.04-x86_64/nvhpc-22.9/openssh-9.0p1-jq7hmtjegmhmabsaridc5lbws4drae5a
[+] /spack/opt/spack/linux-ubuntu20.04-x86_64/nvhpc-22.9/pmix-4.1.2-vel2ouy7ofhhwzjjf3xam2x5f2h7wr4g
[+] /spack/opt/spack/linux-ubuntu20.04-x86_64/nvhpc-22.9/cmake-3.24.2-n4sbrbglajtlgolfk2renqqecb6lxcau
==> Installing ninja-1.11.1-tu3xsjklo7a4kcvqsrxulzhofxq2vffv
==> No binary for ninja-1.11.1-tu3xsjklo7a4kcvqsrxulzhofxq2vffv found: installing from source
==> Using cached archive: /spack/var/spack/cache/_source-cache/archive/31/31747ae633213f1eda3842686f83c2aa1412e0f5691d1c14dbbcc67fe7400cea.tar.gz
==> No patches needed for ninja
==> ninja: Executing phase: 'configure'
==> Error: ProcessError: Command exited with status 1:
    '/spack/opt/spack/linux-ubuntu20.04-x86_64/gcc-11.1.0/python-3.9.15-nvrvb4jsngzkse5ul372waucxh3refgt/bin/python3.9' 'configure.py' '--bootstrap'
See build log for details:
  /tmp/root/spack-stage/spack-stage-ninja-1.11.1-tu3xsjklo7a4kcvqsrxulzhofxq2vffv/spack-build-out.txt

[+] /spack/opt/spack/linux-ubuntu20.04-x86_64/nvhpc-22.9/py-pip-22.2.2-eu7b5xrujfcehboc7akrxk4q73vpxe4k
[+] /spack/opt/spack/linux-ubuntu20.04-x86_64/nvhpc-22.9/openmpi-4.1.4-y7bbie7wneg7tpn5cwogr2fi3b4eeedp
[+] /spack/opt/spack/linux-ubuntu20.04-x86_64/nvhpc-22.9/py-setuptools-59.4.0-qqmtykk5ybeasq32g5is6thtkk2hto4u
[+] /spack/opt/spack/linux-ubuntu20.04-x86_64/nvhpc-22.9/py-wheel-0.37.1-yqmttfpfuktva6yt6j3do4lt7udwi4uk
[+] /spack/opt/spack/linux-ubuntu20.04-x86_64/nvhpc-22.9/hdf5-1.12.2-2fs35th646qffkplc3ordn2crsenuas4
[+] /spack/opt/spack/linux-ubuntu20.04-x86_64/nvhpc-22.9/py-pytz-2022.2.1-zhx5b7xhcpvq6szhcryi5kresakncapp
[+] /spack/opt/spack/linux-ubuntu20.04-x86_64/nvhpc-22.9/py-gast-0.5.3-biek7qwbnktn5lhkqeha55fag3qpfvm6
==> Installing py-cython-0.29.32-iqbnqhld4tkacpik7s5mlqdr54swswvi
==> No binary for py-cython-0.29.32-iqbnqhld4tkacpik7s5mlqdr54swswvi found: installing from source
==> Warning: Skipping build of geos-3.9.1-moll6h3ys3omzrjnhpl7ufxrfuhknovu since ninja-1.11.1-tu3xsjklo7a4kcvqsrxulzhofxq2vffv failed
==> Warning: Skipping build of py-shapely-1.8.0-acktkaqpvumxtt4w7wele7xwkgaam3xt since geos-3.9.1-moll6h3ys3omzrjnhpl7ufxrfuhknovu failed
==> Warning: Skipping build of py-pybind11-2.8.1-3gjrvvxbowibbv3eeephoipk37sedzfb since ninja-1.11.1-tu3xsjklo7a4kcvqsrxulzhofxq2vffv failed
==> Warning: Skipping build of py-scipy-1.8.0-w3paxhzj5ec6xtji74hgunub5xafpq7g since py-pybind11-2.8.1-3gjrvvxbowibbv3eeephoipk37sedzfb failed
==> Using cached archive: /spack/var/spack/cache/_source-cache/archive/87/8733cf4758b79304f2a4e39ebfac5e92341bce47bcceb26c1254398b2f8c1af7.tar.gz
==> No patches needed for py-cython
==> py-cython: Executing phase: 'install'
==> Error: ProcessError: Command exited with status 1:
    '/spack/opt/spack/linux-ubuntu20.04-x86_64/gcc-11.1.0/python-3.9.15-nvrvb4jsngzkse5ul372waucxh3refgt/bin/python3.9' '-m' 'pip' '-vvv' '--no-input' '--no-cache-dir' '--disable-pip-version-check' 'install' '--no-deps' '--ignore-installed' '--no-build-isolation' '--no-warn-script-location' '--no-index' '--prefix=/spack/opt/spack/linux-ubuntu20.04-x86_64/nvhpc-22.9/py-cython-0.29.32-iqbnqhld4tkacpik7s5mlqdr54swswvi' '.'

2 errors found in build log:
     456    Installing collected packages: Cython
     457      Created temporary directory: /tmp/pip-record-xk3ii7m4
     458      Running setup.py install for Cython: started
     459      Running command Running setup.py install for Cython
     460      Unable to find pgen, not compiling formal grammar.
     461      running install
  >> 462    /spack/opt/spack/linux-ubuntu20.04-x86_64/nvhpc-22.9/py-setuptools-59.4.0-qqmtykk5ybeasq32g5is6thtkk2hto4u/lib/python3.9/site-packages/setuptools/command/inst
            all.py:34: SetuptoolsDeprecationWarning: setup.py install is deprecated. Use build and pip and other standards-based tools.
     463        warnings.warn(
     464      running build
     465      running build_py
     466      creating build
     467      creating build/lib.linux-x86_64-3.9
     468      copying cython.py -> build/lib.linux-x86_64-3.9

     ...

     840          setup_py_code = "from setuptools import setup; setup()"
     841    
     842      exec(compile(setup_py_code, filename, "exec"))
     843      '"'"''"'"''"'"' % ('"'"'/tmp/root/spack-stage/spack-stage-py-cython-0.29.32-iqbnqhld4tkacpik7s5mlqdr54swswvi/spack-src/setup.py'"'"',), "<pip-setuptools-cal
            ler>", "exec"))' install --record /tmp/pip-record-xk3ii7m4/install-record.txt --single-version-externally-managed --prefix /spack/opt/spack/linux-ubuntu20.04-
            x86_64/nvhpc-22.9/py-cython-0.29.32-iqbnqhld4tkacpik7s5mlqdr54swswvi --compile --install-headers /spack/opt/spack/linux-ubuntu20.04-x86_64/nvhpc-22.9/py-cytho
            n-0.29.32-iqbnqhld4tkacpik7s5mlqdr54swswvi/include/python3.9/Cython
     844      cwd: /tmp/root/spack-stage/spack-stage-py-cython-0.29.32-iqbnqhld4tkacpik7s5mlqdr54swswvi/spack-src/
     845      Running setup.py install for Cython: finished with status 'error'
  >> 846    error: legacy-install-failure
     847    
     848    × Encountered error while trying to install package.
     849    ╰─> Cython
     850    
     851    note: This is an issue with the package mentioned above, not pip.
     852    hint: See above for output from the failure.

See build log for details:
  /tmp/root/spack-stage/spack-stage-py-cython-0.29.32-iqbnqhld4tkacpik7s5mlqdr54swswvi/spack-build-out.txt

[+] /spack/opt/spack/linux-ubuntu20.04-x86_64/nvhpc-22.9/py-six-1.16.0-zoprlpqq7u32upkrlfdk5m5qr5ci5wsg
[+] /spack/opt/spack/linux-ubuntu20.04-x86_64/nvhpc-22.9/py-ply-3.11-bnuiqal2wqerljodkmh4cugci7wdu5n3
[+] /spack/opt/spack/linux-ubuntu20.04-x86_64/nvhpc-22.9/py-toml-0.10.2-rgmljoqcskyzbdxltnfnkgcgb7lg3ntk
[+] /spack/opt/spack/linux-ubuntu20.04-x86_64/nvhpc-22.9/netcdf-c-4.8.1-snnjqpm5xdiu42kjyxxyomtcgcgi64bt
[+] /spack/opt/spack/linux-ubuntu20.04-x86_64/nvhpc-22.9/py-beniget-0.4.1-p5sdamafjzg6g5cyc6ou5n3ujt6jart2
[+] /spack/opt/spack/linux-ubuntu20.04-x86_64/nvhpc-22.9/py-setuptools-scm-6.0.1-fogeksk4ribktjjzwf3yjcqp4grlp2y4
[+] /spack/opt/spack/linux-ubuntu20.04-x86_64/nvhpc-22.9/netcdf-fortran-4.5.4-26kf6vrihni3wozwo3pkmctdaawa55qa
[+] /spack/opt/spack/linux-ubuntu20.04-x86_64/nvhpc-22.9/py-python-dateutil-2.8.2-432qoxplqt7glpyy3mbfhcwl2ueos4hz
==> Installing fms-2022.03-ziyl56pmjbg7zveuobb3hetxguz3v2na
==> No binary for fms-2022.03-ziyl56pmjbg7zveuobb3hetxguz3v2na found: installing from source
==> Warning: Skipping build of py-numpy-1.22.4-bwnog5fiacwpwalw3z7hajdmm62adr3a since py-cython-0.29.32-iqbnqhld4tkacpik7s5mlqdr54swswvi failed
==> Warning: Skipping build of py-bottleneck-1.3.2-oloqleadxaltektcorvaudc2gciu433t since py-numpy-1.22.4-bwnog5fiacwpwalw3z7hajdmm62adr3a failed
==> Warning: Skipping build of py-pandas-1.4.0-ngui7kkanuwvqvkhobaqha72jpibsmrx since py-bottleneck-1.3.2-oloqleadxaltektcorvaudc2gciu433t failed
==> Warning: Skipping build of py-numexpr-2.7.3-cfho4wstewdp3ha7heltlbny4wob4yjs since py-numpy-1.22.4-bwnog5fiacwpwalw3z7hajdmm62adr3a failed
==> Warning: Skipping build of py-numpy-1.22.3-r6oeca3v2rsojqzx2bj2tjtuhvjw7gxn since py-cython-0.29.32-iqbnqhld4tkacpik7s5mlqdr54swswvi failed
==> Warning: Skipping build of py-numpy-1.23.4-urbjod6i54kxkqa4uyiqbodhojqvv7vz since py-cython-0.29.32-iqbnqhld4tkacpik7s5mlqdr54swswvi failed
==> Warning: Skipping build of py-pythran-0.11.0-g4kiufkgrd5denx2wk657ighwyjkvbez since py-numpy-1.23.4-urbjod6i54kxkqa4uyiqbodhojqvv7vz failed
==> Using cached archive: /spack/var/spack/cache/_source-cache/archive/42/42d2ac53d3c889a8177a6d7a132583364c0f6e5d5cbde0d980443b6797ad4838.tar.gz
==> No patches needed for fms
==> fms: Executing phase: 'cmake'
==> fms: Executing phase: 'build'
==> Error: ProcessError: Command exited with status 2:
    'make' '-j16'

5 errors found in build log:
     431    /spack/opt/spack/linux-ubuntu20.04-x86_64/nvhpc-22.9/cmake-3.24.2-n4sbrbglajtlgolfk2renqqecb6lxcau/bin/cmake -E cmake_copy_f90_mod include_r4/fms_io_utils_mod
            .mod CMakeFiles/fms_r4_f.dir/fms_io_utils_mod.mod.stamp NVHPC
     432    /spack/opt/spack/linux-ubuntu20.04-x86_64/nvhpc-22.9/cmake-3.24.2-n4sbrbglajtlgolfk2renqqecb6lxcau/bin/cmake -E touch CMakeFiles/fms_r4_f.dir/fms2_io/fms_io_u
            tils.F90.o.provides.build
     433    [ 46%] Building Fortran object CMakeFiles/fms_r4_f.dir/fms2_io/netcdf_io.F90.o
     434    /spack/opt/spack/linux-ubuntu20.04-x86_64/nvhpc-22.9/openmpi-4.1.4-y7bbie7wneg7tpn5cwogr2fi3b4eeedp/bin/mpif90 -DENABLE_QUAD_PRECISION -DGFDL_CONSTANTS -DGFS_
            PHYS -DHAVE_GETTID -DINTERNAL_FILE_NML -DOVERLOAD_R4 -DOVERLOAD_R8 -Duse_libMPI -Duse_netCDF -I/tmp/root/spack-stage/spack-stage-fms-2022.03-ziyl56pmjbg7zveuo
            bb3hetxguz3v2na/spack-src/include -I/tmp/root/spack-stage/spack-stage-fms-2022.03-ziyl56pmjbg7zveuobb3hetxguz3v2na/spack-src/fms -I/tmp/root/spack-stage/spack
            -stage-fms-2022.03-ziyl56pmjbg7zveuobb3hetxguz3v2na/spack-src/fms2_io/include -I/tmp/root/spack-stage/spack-stage-fms-2022.03-ziyl56pmjbg7zveuobb3hetxguz3v2na
            /spack-src/mpp/include -I/tmp/root/spack-stage/spack-stage-fms-2022.03-ziyl56pmjbg7zveuobb3hetxguz3v2na/spack-src/constants4 -I/tmp/root/spack-stage/spack-sta
            ge-fms-2022.03-ziyl56pmjbg7zveuobb3hetxguz3v2na/spack-src/constants -isystem /spack/opt/spack/linux-ubuntu20.04-x86_64/nvhpc-22.9/netcdf-fortran-4.5.4-26kf6vr
            ihni3wozwo3pkmctdaawa55qa/include -O2 -gopt -module include_r4 -mp -c /tmp/root/spack-stage/spack-stage-fms-2022.03-ziyl56pmjbg7zveuobb3hetxguz3v2na/spack-src
            /fms2_io/netcdf_io.F90 -o CMakeFiles/fms_r4_f.dir/fms2_io/netcdf_io.F90.o
     435    NVFORTRAN-S-0155-Same name common blocks with different sizes in same file not supported  (/tmp/root/spack-stage/spack-stage-fms-2022.03-ziyl56pmjbg7zveuobb3h
            etxguz3v2na/spack-src/fms2_io/netcdf_io.F90)
     436      0 inform,   0 warnings,   1 severes, 0 fatal for write_restart_bc
  >> 437    make[2]: *** [CMakeFiles/fms_r8_f.dir/build.make:624: CMakeFiles/fms_r8_f.dir/fms2_io/netcdf_io.F90.o] Error 2
     438    make[2]: *** Waiting for unfinished jobs....
     439    make[2]: Leaving directory '/tmp/root/spack-stage/spack-stage-fms-2022.03-ziyl56pmjbg7zveuobb3hetxguz3v2na/spack-build-ziyl56p'
  >> 440    make[1]: *** [CMakeFiles/Makefile2:201: CMakeFiles/fms_r8_f.dir/all] Error 2
     441    make[1]: *** Waiting for unfinished jobs....
     442    NVFORTRAN-S-0155-Same name common blocks with different sizes in same file not supported  (/tmp/root/spack-stage/spack-stage-fms-2022.03-ziyl56pmjbg7zveuobb3h
            etxguz3v2na/spack-src/fms2_io/netcdf_io.F90)
     443      0 inform,   0 warnings,   1 severes, 0 fatal for write_restart_bc
  >> 444    make[2]: *** [CMakeFiles/fms_r4_f.dir/build.make:624: CMakeFiles/fms_r4_f.dir/fms2_io/netcdf_io.F90.o] Error 2
     445    make[2]: *** Waiting for unfinished jobs....
     446    make[2]: Leaving directory '/tmp/root/spack-stage/spack-stage-fms-2022.03-ziyl56pmjbg7zveuobb3hetxguz3v2na/spack-build-ziyl56p'
  >> 447    make[1]: *** [CMakeFiles/Makefile2:122: CMakeFiles/fms_r4_f.dir/all] Error 2
     448    make[1]: Leaving directory '/tmp/root/spack-stage/spack-stage-fms-2022.03-ziyl56pmjbg7zveuobb3hetxguz3v2na/spack-build-ziyl56p'
  >> 449    make: *** [Makefile:139: all] Error 2

See build log for details:
  /tmp/root/spack-stage/spack-stage-fms-2022.03-ziyl56pmjbg7zveuobb3hetxguz3v2na/spack-build-out.txt

==> Installing fms-2022.01-kz6vilmrze727sq6kldzmnsofpw77pm7
==> No binary for fms-2022.01-kz6vilmrze727sq6kldzmnsofpw77pm7 found: installing from source
==> Using cached archive: /spack/var/spack/cache/_source-cache/archive/a1/a1cba1f536923f5953c28729a28e5431e127b45d6bc2c15d230939f0c02daa9b.tar.gz
==> No patches needed for fms
==> fms: Executing phase: 'cmake'
==> fms: Executing phase: 'build'
==> Error: ProcessError: Command exited with status 2:
    'make' '-j16'

5 errors found in build log:
     403    /spack/opt/spack/linux-ubuntu20.04-x86_64/nvhpc-22.9/cmake-3.24.2-n4sbrbglajtlgolfk2renqqecb6lxcau/bin/cmake -E cmake_copy_f90_mod include_r8/fms_io_utils_mod
            .mod CMakeFiles/fms_r8_f.dir/fms_io_utils_mod.mod.stamp NVHPC
     404    /spack/opt/spack/linux-ubuntu20.04-x86_64/nvhpc-22.9/cmake-3.24.2-n4sbrbglajtlgolfk2renqqecb6lxcau/bin/cmake -E touch CMakeFiles/fms_r8_f.dir/fms2_io/fms_io_u
            tils.F90.o.provides.build
     405    [ 44%] Building Fortran object CMakeFiles/fms_r8_f.dir/fms2_io/netcdf_io.F90.o
     406    /spack/opt/spack/linux-ubuntu20.04-x86_64/nvhpc-22.9/openmpi-4.1.4-y7bbie7wneg7tpn5cwogr2fi3b4eeedp/bin/mpif90 -DENABLE_QUAD_PRECISION -DGFS_PHYS -DHAVE_GETTI
            D -DINTERNAL_FILE_NML -Duse_libMPI -Duse_netCDF -I/tmp/root/spack-stage/spack-stage-fms-2022.01-kz6vilmrze727sq6kldzmnsofpw77pm7/spack-src/include -I/tmp/root
            /spack-stage/spack-stage-fms-2022.01-kz6vilmrze727sq6kldzmnsofpw77pm7/spack-src/fms -I/tmp/root/spack-stage/spack-stage-fms-2022.01-kz6vilmrze727sq6kldzmnsofp
            w77pm7/spack-src/fms2_io/include -I/tmp/root/spack-stage/spack-stage-fms-2022.01-kz6vilmrze727sq6kldzmnsofpw77pm7/spack-src/mpp/include -isystem /spack/opt/sp
            ack/linux-ubuntu20.04-x86_64/nvhpc-22.9/netcdf-fortran-4.5.4-26kf6vrihni3wozwo3pkmctdaawa55qa/include -O2 -gopt -module include_r8 -mp -c /tmp/root/spack-stag
            e/spack-stage-fms-2022.01-kz6vilmrze727sq6kldzmnsofpw77pm7/spack-src/fms2_io/netcdf_io.F90 -o CMakeFiles/fms_r8_f.dir/fms2_io/netcdf_io.F90.o
     407    NVFORTRAN-S-0155-Same name common blocks with different sizes in same file not supported  (/tmp/root/spack-stage/spack-stage-fms-2022.01-kz6vilmrze727sq6kldzm
            nsofpw77pm7/spack-src/fms2_io/netcdf_io.F90)
     408      0 inform,   0 warnings,   1 severes, 0 fatal for write_restart_bc
  >> 409    make[2]: *** [CMakeFiles/fms_r4_f.dir/build.make:598: CMakeFiles/fms_r4_f.dir/fms2_io/netcdf_io.F90.o] Error 2
     410    make[2]: *** Waiting for unfinished jobs....
     411    NVFORTRAN-S-0155-Same name common blocks with different sizes in same file not supported  (/tmp/root/spack-stage/spack-stage-fms-2022.01-kz6vilmrze727sq6kldzm
            nsofpw77pm7/spack-src/fms2_io/netcdf_io.F90)
     412      0 inform,   0 warnings,   1 severes, 0 fatal for write_restart_bc
  >> 413    make[2]: *** [CMakeFiles/fms_r8_f.dir/build.make:598: CMakeFiles/fms_r8_f.dir/fms2_io/netcdf_io.F90.o] Error 2
     414    make[2]: *** Waiting for unfinished jobs....
     415    make[2]: Leaving directory '/tmp/root/spack-stage/spack-stage-fms-2022.01-kz6vilmrze727sq6kldzmnsofpw77pm7/spack-build-kz6vilm'
  >> 416    make[1]: *** [CMakeFiles/Makefile2:122: CMakeFiles/fms_r4_f.dir/all] Error 2
     417    make[1]: *** Waiting for unfinished jobs....
     418    make[2]: Leaving directory '/tmp/root/spack-stage/spack-stage-fms-2022.01-kz6vilmrze727sq6kldzmnsofpw77pm7/spack-build-kz6vilm'
  >> 419    make[1]: *** [CMakeFiles/Makefile2:201: CMakeFiles/fms_r8_f.dir/all] Error 2
     420    make[1]: Leaving directory '/tmp/root/spack-stage/spack-stage-fms-2022.01-kz6vilmrze727sq6kldzmnsofpw77pm7/spack-build-kz6vilm'
  >> 421    make: *** [Makefile:139: all] Error 2

See build log for details:
  /tmp/root/spack-stage/spack-stage-fms-2022.01-kz6vilmrze727sq6kldzmnsofpw77pm7/spack-build-out.txt

==> Installing fms-2022.04-h3xu3am6zwtqxgzozkr7hade4xxnsusz
==> No binary for fms-2022.04-h3xu3am6zwtqxgzozkr7hade4xxnsusz found: installing from source
==> Using cached archive: /spack/var/spack/cache/_source-cache/archive/f7/f741479128afc2b93ca8291a4c5bcdb024a8cbeda1a26bf77a236c0f629e1b03.tar.gz
==> No patches needed for fms
==> fms: Executing phase: 'cmake'
==> fms: Executing phase: 'build'
==> Error: ProcessError: Command exited with status 2:
    'make' '-j16'

5 errors found in build log:
     441    [ 42%] Building Fortran object CMakeFiles/fms_r8_f.dir/fms2_io/netcdf_io.F90.o
     442    /spack/opt/spack/linux-ubuntu20.04-x86_64/nvhpc-22.9/openmpi-4.1.4-y7bbie7wneg7tpn5cwogr2fi3b4eeedp/bin/mpif90 -DENABLE_QUAD_PRECISION -DGFDL_CONSTANTS -DGFS_
            PHYS -DHAVE_GETTID -DINTERNAL_FILE_NML -Duse_libMPI -Duse_netCDF -I/tmp/root/spack-stage/spack-stage-fms-2022.04-h3xu3am6zwtqxgzozkr7hade4xxnsusz/spack-src/in
            clude -I/tmp/root/spack-stage/spack-stage-fms-2022.04-h3xu3am6zwtqxgzozkr7hade4xxnsusz/spack-src/fms -I/tmp/root/spack-stage/spack-stage-fms-2022.04-h3xu3am6z
            wtqxgzozkr7hade4xxnsusz/spack-src/fms2_io/include -I/tmp/root/spack-stage/spack-stage-fms-2022.04-h3xu3am6zwtqxgzozkr7hade4xxnsusz/spack-src/mpp/include -I/tm
            p/root/spack-stage/spack-stage-fms-2022.04-h3xu3am6zwtqxgzozkr7hade4xxnsusz/spack-src/constants4 -I/tmp/root/spack-stage/spack-stage-fms-2022.04-h3xu3am6zwtqx
            gzozkr7hade4xxnsusz/spack-src/constants -isystem /spack/opt/spack/linux-ubuntu20.04-x86_64/nvhpc-22.9/netcdf-fortran-4.5.4-26kf6vrihni3wozwo3pkmctdaawa55qa/in
            clude -O2 -gopt -module include_r8 -mp -c /tmp/root/spack-stage/spack-stage-fms-2022.04-h3xu3am6zwtqxgzozkr7hade4xxnsusz/spack-src/fms2_io/netcdf_io.F90 -o CM
            akeFiles/fms_r8_f.dir/fms2_io/netcdf_io.F90.o
     443    NVFORTRAN-S-0155-Same name common blocks with different sizes in same file not supported  (/tmp/root/spack-stage/spack-stage-fms-2022.04-h3xu3am6zwtqxgzozkr7h
            ade4xxnsusz/spack-src/fms2_io/netcdf_io.F90)
     444      0 inform,   0 warnings,   1 severes, 0 fatal for write_restart_bc
     445    NVFORTRAN-S-0155-Same name common blocks with different sizes in same file not supported  (/tmp/root/spack-stage/spack-stage-fms-2022.04-h3xu3am6zwtqxgzozkr7h
            ade4xxnsusz/spack-src/fms2_io/netcdf_io.F90)
     446      0 inform,   0 warnings,   1 severes, 0 fatal for write_restart_bc
  >> 447    make[2]: *** [CMakeFiles/fms_r4_f.dir/build.make:637: CMakeFiles/fms_r4_f.dir/fms2_io/netcdf_io.F90.o] Error 2
     448    make[2]: *** Waiting for unfinished jobs....
  >> 449    make[2]: *** [CMakeFiles/fms_r8_f.dir/build.make:637: CMakeFiles/fms_r8_f.dir/fms2_io/netcdf_io.F90.o] Error 2
     450    make[2]: *** Waiting for unfinished jobs....
     451    make[2]: Leaving directory '/tmp/root/spack-stage/spack-stage-fms-2022.04-h3xu3am6zwtqxgzozkr7hade4xxnsusz/spack-build-h3xu3am'
  >> 452    make[1]: *** [CMakeFiles/Makefile2:122: CMakeFiles/fms_r4_f.dir/all] Error 2
     453    make[1]: *** Waiting for unfinished jobs....
     454    make[2]: Leaving directory '/tmp/root/spack-stage/spack-stage-fms-2022.04-h3xu3am6zwtqxgzozkr7hade4xxnsusz/spack-build-h3xu3am'
  >> 455    make[1]: *** [CMakeFiles/Makefile2:201: CMakeFiles/fms_r8_f.dir/all] Error 2
     456    make[1]: Leaving directory '/tmp/root/spack-stage/spack-stage-fms-2022.04-h3xu3am6zwtqxgzozkr7hade4xxnsusz/spack-build-h3xu3am'
  >> 457    make: *** [Makefile:139: all] Error 2

See build log for details:
  /tmp/root/spack-stage/spack-stage-fms-2022.04-h3xu3am6zwtqxgzozkr7hade4xxnsusz/spack-build-out.txt

==> Error: fms-2022.03-ziyl56pmjbg7zveuobb3hetxguz3v2na: ProcessError: Command exited with status 2:
    'make' '-j16'
==> Error: fms-2022.01-kz6vilmrze727sq6kldzmnsofpw77pm7: ProcessError: Command exited with status 2:
    'make' '-j16'
==> Error: fms-2022.04-h3xu3am6zwtqxgzozkr7hade4xxnsusz: ProcessError: Command exited with status 2:
    'make' '-j16'
==> Error: fms-2022.01-kz6vilmrze727sq6kldzmnsofpw77pm7: Package was not installed
==> Error: fms-2022.03-ziyl56pmjbg7zveuobb3hetxguz3v2na: Package was not installed
==> Error: fms-2022.04-h3xu3am6zwtqxgzozkr7hade4xxnsusz: Package was not installed
==> Error: py-numpy-1.22.3-r6oeca3v2rsojqzx2bj2tjtuhvjw7gxn: Package was not installed
==> Error: py-pandas-1.4.0-ngui7kkanuwvqvkhobaqha72jpibsmrx: Package was not installed
==> Error: py-scipy-1.8.0-w3paxhzj5ec6xtji74hgunub5xafpq7g: Package was not installed
==> Error: py-shapely-1.8.0-acktkaqpvumxtt4w7wele7xwkgaam3xt: Package was not installed
==> Error: Installation request failed.  Refer to reported errors for failing package(s).
