==> Installing environment /
[+] /spack/opt/spack/linux-ubuntu20.04-x86_64/nvhpc-22.9/ca-certificates-mozilla-2022-10-11-mig2oeend46acdrubr7eltfsbluck6bw
[+] /spack/opt/spack/linux-ubuntu20.04-x86_64/nvhpc-22.9/berkeley-db-18.1.40-eu2o6jcr56u3wlqkmoaprmtpbxqb3chh
[+] /spack/opt/spack/linux-ubuntu20.04-x86_64/nvhpc-22.9/libiconv-1.16-4gm4r3unr3kguxuisevj2fgrfajolnam
[+] /spack/opt/spack/linux-ubuntu20.04-x86_64/nvhpc-22.9/pkgconf-1.8.0-eufn4i3zplhou43qndc4gelmodduzpo2
[+] /spack/opt/spack/linux-ubuntu20.04-x86_64/nvhpc-22.9/zlib-1.2.13-k6jhdesxobpjao3hau5hxyf6wn3xs7sw
[+] /spack/opt/spack/linux-ubuntu20.04-x86_64/nvhpc-22.9/libmd-1.0.4-wuojbwmpzgdoh43qaulm6c4gctgfnz5a
[+] /spack/opt/spack/linux-ubuntu20.04-x86_64/nvhpc-22.9/lz4-1.9.4-x4aseer7twccrqfafnabgm43x3akf52s
[+] /spack/opt/spack/linux-ubuntu20.04-x86_64/nvhpc-22.9/lzo-2.10-n6xk2bpn6zhtiqx5quvjvfitj6kqjyvo
[+] /spack/opt/spack/linux-ubuntu20.04-x86_64/nvhpc-22.9/mbedtls-2.28.0-fpmrsb5ygqx3rjfrbdcza4rkpf2mjhwc
[+] /spack/opt/spack/linux-ubuntu20.04-x86_64/nvhpc-22.9/xz-5.2.5-5u5h3pw4y2pwd3tykpwwfldojwd5pwhh
[+] /spack/opt/spack/linux-ubuntu20.04-x86_64/nvhpc-22.9/zstd-1.5.2-did42de74jcv6aq64djtyk6mz64eclem
[+] /spack/opt/spack/linux-ubuntu20.04-x86_64/nvhpc-22.9/libuv-1.44.1-gzyyfyeoy7zcxir4iaueqaugb7c7smsa
[+] /spack/opt/spack/linux-ubuntu20.04-x86_64/nvhpc-22.9/rhash-1.4.2-w632axkyehxl7xrli3gxvoenyrfov3mm
[+] /spack/opt/spack/linux-ubuntu20.04-x86_64/nvhpc-22.9/libsigsegv-2.13-thlphjbe5porrqzkpv3546dscosc4nbm
[+] /spack/opt/spack/linux-ubuntu20.04-x86_64/nvhpc-22.9/util-macros-1.19.3-uchyxllnkzsi67bqmvhd2svihx5tmfo5
==> Installing libffi-3.4.2-ji65yzrxm2wmii4pidkbey67q4ybr4ly
==> No binary for libffi-3.4.2-ji65yzrxm2wmii4pidkbey67q4ybr4ly found: installing from source
==> Fetching https://mirror.spack.io/_source-cache/archive/54/540fb721619a6aba3bdeef7d940d8e9e0e6d2c193595bc243241b77ff9e93620.tar.gz
==> No patches needed for libffi
==> libffi: Executing phase: 'autoreconf'
==> libffi: Executing phase: 'configure'
==> libffi: Executing phase: 'build'
==> Error: ProcessError: Command exited with status 2:
    'make' '-j16' 'V=1'

15 errors found in build log:
     259    1 catastrophic error detected in this compilation.
     260    Compilation terminated.
     261    Command-line error: exception handling option can be used only when compiling C++
     262    
     263    1 catastrophic error detected in this compilation.
     264    Compilation terminated.
  >> 265    make[3]: *** [Makefile:1303: src/types.lo] Error 1
     266    make[3]: *** Waiting for unfinished jobs....
     267    Command-line error: exception handling option can be used only when compiling C++
     268    
     269    1 catastrophic error detected in this compilation.
     270    Compilation terminated.
  >> 271    make[3]: *** [Makefile:1303: src/tramp.lo] Error 1
     272    Command-line error: exception handling option can be used only when compiling C++
     273    
     274    1 catastrophic error detected in this compilation.
     275    Compilation terminated.
  >> 276    make[3]: *** [Makefile:1303: src/prep_cif.lo] Error 1
  >> 277    make[3]: *** [Makefile:1303: src/closures.lo] Error 1
  >> 278    make[3]: *** [Makefile:1303: src/raw_api.lo] Error 1
  >> 279    make[3]: *** [Makefile:1303: src/x86/ffi64.lo] Error 1
     280    Command-line error: exception handling option can be used only when compiling C++
     281    
     282    1 catastrophic error detected in this compilation.
     283    Compilation terminated.
  >> 284    make[3]: *** [Makefile:1303: src/java_raw_api.lo] Error 1
     285    libtool: compile:  /spack/lib/spack/env/nvhpc/nvc -DHAVE_CONFIG_H -I. -I.. -I. -I../include -Iinclude -I../src -I. -I../include -Iinclude -I../src -c ../src/x86
            /win64.S -MD -MF src/x86/.deps/win64.TPlo -o src/x86/win64.o >/dev/null 2>&1
     286    Command-line error: exception handling option can be used only when compiling C++
     287    
     288    1 catastrophic error detected in this compilation.
     289    Compilation terminated.
  >> 290    make[3]: *** [Makefile:1303: src/x86/ffiw64.lo] Error 1
     291    libtool: compile:  /spack/lib/spack/env/nvhpc/nvc -DHAVE_CONFIG_H -I. -I.. -I. -I../include -Iinclude -I../src -I. -I../include -Iinclude -I../src -c ../src/x86
            /unix64.S -MD -MF src/x86/.deps/unix64.TPlo -o src/x86/unix64.o >/dev/null 2>&1
  >> 292    ../depcomp: line 352: src/x86/.deps/win64.TPlo: No such file or directory
  >> 293    ../depcomp: line 355: src/x86/.deps/win64.TPlo: No such file or directory
  >> 294    ../depcomp: line 352: src/x86/.deps/unix64.TPlo: No such file or directory
  >> 295    ../depcomp: line 355: src/x86/.deps/unix64.TPlo: No such file or directory
     296    make[3]: Leaving directory '/tmp/root/spack-stage/spack-stage-libffi-3.4.2-ji65yzrxm2wmii4pidkbey67q4ybr4ly/spack-src/x86_64-pc-linux-gnu'
  >> 297    make[2]: *** [Makefile:1376: all-recursive] Error 1
     298    make[2]: Leaving directory '/tmp/root/spack-stage/spack-stage-libffi-3.4.2-ji65yzrxm2wmii4pidkbey67q4ybr4ly/spack-src/x86_64-pc-linux-gnu'
  >> 299    make[1]: *** [Makefile:619: all] Error 2
     300    make[1]: Leaving directory '/tmp/root/spack-stage/spack-stage-libffi-3.4.2-ji65yzrxm2wmii4pidkbey67q4ybr4ly/spack-src/x86_64-pc-linux-gnu'
  >> 301    make: *** [Makefile:589: all-all] Error 2

See build log for details:
  /tmp/root/spack-stage/spack-stage-libffi-3.4.2-ji65yzrxm2wmii4pidkbey67q4ybr4ly/spack-build-out.txt

[+] /spack/opt/spack/linux-ubuntu20.04-x86_64/nvhpc-22.9/diffutils-3.7-vndicfx6rzzjwn5uzi3xmz43vfbbekjy
[+] /spack/opt/spack/linux-ubuntu20.04-x86_64/nvhpc-22.9/ncurses-6.3-pikli5bfdw5p74uymr6vbihoni6hvtnr
[+] /spack/opt/spack/linux-ubuntu20.04-x86_64/nvhpc-22.9/util-linux-uuid-2.38.1-ylzbrfhtdmi7os55lwi4ipm5osu74wnn
[+] /spack/opt/spack/linux-ubuntu20.04-x86_64/nvhpc-22.9/pigz-2.7-ocqfy2o47gvuw2l5ga2n3l4fajoid3ku
[+] /spack/opt/spack/linux-ubuntu20.04-x86_64/nvhpc-22.9/libbsd-0.11.3-5dpgjziytp4ln57nad23xk5llv2idhuv
[+] /spack/opt/spack/linux-ubuntu20.04-x86_64/nvhpc-22.9/libxml2-2.10.1-hsf47lqk6lwvjdftxugjgftbgbabvisl
[+] /spack/opt/spack/linux-ubuntu20.04-x86_64/nvhpc-22.9/m4-1.4.19-2csxaawbz7eketdf5m56swmtonez5f7g
[+] /spack/opt/spack/linux-ubuntu20.04-x86_64/nvhpc-22.9/bzip2-1.0.8-ofhuh5eiiglz7qluzkf7hokfefnqlkwl
[+] /spack/opt/spack/linux-ubuntu20.04-x86_64/nvhpc-22.9/readline-8.1.2-he6lop2eqxuajz36hoajd3gf35beaqtd
[+] /spack/opt/spack/linux-ubuntu20.04-x86_64/nvhpc-22.9/libedit-3.1-20210216-yu6lnl7o4odypvocog34rvc3atcojyrr
[+] /spack/opt/spack/linux-ubuntu20.04-x86_64/nvhpc-22.9/expat-2.4.8-fzce762dzoj6z5ygs72hjpipl4bygfyl
[+] /spack/opt/spack/linux-ubuntu20.04-x86_64/nvhpc-22.9/libtool-2.4.7-w3cne4bwcq2dhuuqextzr62nhaczdsz3
[+] /spack/opt/spack/linux-ubuntu20.04-x86_64/nvhpc-22.9/tar-1.30-vtwqjnbenicvnywee2h47ruo3iqrque3
[+] /spack/opt/spack/linux-ubuntu20.04-x86_64/nvhpc-22.9/sqlite-3.39.4-iwp2mlqc6ydszbdreb64wehocxhdexre
[+] /spack/opt/spack/linux-ubuntu20.04-x86_64/nvhpc-22.9/gdbm-1.19-oqwdou4xm7djregpjp7eslffelnr3ctc
[+] /spack/opt/spack/linux-ubuntu20.04-x86_64/nvhpc-22.9/libarchive-3.5.2-wjqceeitasrv3vxsafjn5lvjydwk5qkx
[+] /spack/opt/spack/linux-ubuntu20.04-x86_64/nvhpc-22.9/libpciaccess-0.16-t26pwz6jtl4xxsxkseieysfb2zqdvv2q
[+] /spack/opt/spack/linux-ubuntu20.04-x86_64/nvhpc-22.9/gettext-0.21.1-xffjm3uhnx7n2sve7oas57uxuuevebc4
[+] /spack/opt/spack/linux-ubuntu20.04-x86_64/nvhpc-22.9/perl-5.34.1-q7evhnkkonhwvzhqimwfwn46sa2fgd3i
[+] /spack/opt/spack/linux-ubuntu20.04-x86_64/nvhpc-22.9/hwloc-2.8.0-owo7cauykjrkvbaz2xea3prqpnzlns3p
[+] /spack/opt/spack/linux-ubuntu20.04-x86_64/nvhpc-22.9/autoconf-2.69-xrch2nzteqpfgmcmnj5vxboz6uug4ks6
[+] /spack/opt/spack/linux-ubuntu20.04-x86_64/nvhpc-22.9/openssl-1.1.1q-mg4pngcjb3avavs263bnsftxrjd2jurh
[+] /spack/opt/spack/linux-ubuntu20.04-x86_64/nvhpc-22.9/openblas-0.3.21-4x4qq4kvtur7vhcsqemd45tqjwsa6ux5
[+] /spack/opt/spack/linux-ubuntu20.04-x86_64/nvhpc-22.9/bison-3.8.2-dayceb6fl56zwph6hn2i65rzdy3chevq
[+] /spack/opt/spack/linux-ubuntu20.04-x86_64/nvhpc-22.9/automake-1.16.5-fuwxy2hjzvoucm3mpmdrbgsw5ksa6u35
[+] /spack/opt/spack/linux-ubuntu20.04-x86_64/nvhpc-22.9/curl-7.85.0-5o4j3v2asfbe6ituyywzycriyyeg6rge
[+] /spack/opt/spack/linux-ubuntu20.04-x86_64/nvhpc-22.9/libevent-2.1.12-uxhvbenwno2poml22rzbz6tommnq6zbi
[+] /spack/opt/spack/linux-ubuntu20.04-x86_64/nvhpc-22.9/krb5-1.19.3-ljfngegma35fppkrxouswmv7boccfjgi
[+] /spack/opt/spack/linux-ubuntu20.04-x86_64/nvhpc-22.9/numactl-2.0.14-mpiafpwl7xxxyfpp7zqfvvv3a4y5l4c4
[+] /spack/opt/spack/linux-ubuntu20.04-x86_64/nvhpc-22.9/cmake-3.24.2-n4sbrbglajtlgolfk2renqqecb6lxcau
[+] /spack/opt/spack/linux-ubuntu20.04-x86_64/nvhpc-22.9/pmix-4.1.2-vel2ouy7ofhhwzjjf3xam2x5f2h7wr4g
[+] /spack/opt/spack/linux-ubuntu20.04-x86_64/nvhpc-22.9/openssh-9.0p1-jq7hmtjegmhmabsaridc5lbws4drae5a
[+] /spack/opt/spack/linux-ubuntu20.04-x86_64/nvhpc-22.9/openmpi-4.1.4-y7bbie7wneg7tpn5cwogr2fi3b4eeedp
[+] /spack/opt/spack/linux-ubuntu20.04-x86_64/nvhpc-22.9/hdf5-1.12.2-2fs35th646qffkplc3ordn2crsenuas4
[+] /spack/opt/spack/linux-ubuntu20.04-x86_64/nvhpc-22.9/netcdf-c-4.8.1-snnjqpm5xdiu42kjyxxyomtcgcgi64bt
[+] /spack/opt/spack/linux-ubuntu20.04-x86_64/nvhpc-22.9/netcdf-fortran-4.5.4-26kf6vrihni3wozwo3pkmctdaawa55qa
==> Installing fms-2022.03-ziyl56pmjbg7zveuobb3hetxguz3v2na
==> No binary for fms-2022.03-ziyl56pmjbg7zveuobb3hetxguz3v2na found: installing from source
==> Warning: Skipping build of python-3.9.15-x2qygjja55fcximxn62bwk7b3olzh656 since libffi-3.4.2-ji65yzrxm2wmii4pidkbey67q4ybr4ly failed
==> Warning: Skipping build of py-cython-0.29.32-trhjzxa4anekn4pnryfbjtymih3dvp3x since python-3.9.15-x2qygjja55fcximxn62bwk7b3olzh656 failed
==> Warning: Skipping build of py-numpy-1.23.4-5dmcqbvhy4fngd4spumz6kmjdqrvvu4b since py-cython-0.29.32-trhjzxa4anekn4pnryfbjtymih3dvp3x failed
==> Warning: Skipping build of py-shapely-1.8.0-nfb63yjbpat7l75duvdnfihvw4tvwrfj since py-numpy-1.23.4-5dmcqbvhy4fngd4spumz6kmjdqrvvu4b failed
==> Warning: Skipping build of py-pythran-0.11.0-674tfkdbb2s7h6ybmrfuvumjhiz467qu since py-numpy-1.23.4-5dmcqbvhy4fngd4spumz6kmjdqrvvu4b failed
==> Warning: Skipping build of py-scipy-1.8.0-hscd32xajwcnsl7f7bnhq74xh5ziycqc since py-pythran-0.11.0-674tfkdbb2s7h6ybmrfuvumjhiz467qu failed
==> Warning: Skipping build of py-numpy-1.22.3-q5tmgeyd47lxyojkwb2eg4gqzzdfsrpf since py-cython-0.29.32-trhjzxa4anekn4pnryfbjtymih3dvp3x failed
==> Warning: Skipping build of py-numpy-1.22.4-lvqohw7trs2wpljwid22iq32ze5tuvxd since py-cython-0.29.32-trhjzxa4anekn4pnryfbjtymih3dvp3x failed
==> Warning: Skipping build of py-pandas-1.4.0-sfr5rezrotd7ox5qp2z4j2hjfbw6spj4 since py-numpy-1.22.4-lvqohw7trs2wpljwid22iq32ze5tuvxd failed
==> Warning: Skipping build of py-bottleneck-1.3.2-gozyqpt5aqu76zdldbiptb44dtowutu3 since py-numpy-1.22.4-lvqohw7trs2wpljwid22iq32ze5tuvxd failed
==> Warning: Skipping build of py-numexpr-2.7.3-pacrlvkckwjnz3habjrbte6mw3fzulyz since py-numpy-1.22.4-lvqohw7trs2wpljwid22iq32ze5tuvxd failed
==> Warning: Skipping build of ninja-1.11.1-mmi5ftdizerq6dtncmn63jz4yuulkgep since python-3.9.15-x2qygjja55fcximxn62bwk7b3olzh656 failed
==> Warning: Skipping build of py-pybind11-2.8.1-te3sxhk5iz7kzutkaegjzts6atfh64ec since ninja-1.11.1-mmi5ftdizerq6dtncmn63jz4yuulkgep failed
==> Warning: Skipping build of geos-3.9.1-mpgzlzbgwywk6ym6vuyip2kakyh4ryb2 since ninja-1.11.1-mmi5ftdizerq6dtncmn63jz4yuulkgep failed
==> Warning: Skipping build of py-wheel-0.37.1-7kmbexljoecrphdlwt3nx46aybgm5m7b since python-3.9.15-x2qygjja55fcximxn62bwk7b3olzh656 failed
==> Warning: Skipping build of py-beniget-0.4.1-opqpfyqb2d7ngsd72s6aimhaip326zzb since py-wheel-0.37.1-7kmbexljoecrphdlwt3nx46aybgm5m7b failed
==> Warning: Skipping build of py-ply-3.11-eczpofdx7zoxjr7ozxx74mwljx4vmfod since py-wheel-0.37.1-7kmbexljoecrphdlwt3nx46aybgm5m7b failed
==> Warning: Skipping build of py-python-dateutil-2.8.2-j34jaijerekrpsl4akt772gukjvecwyr since py-wheel-0.37.1-7kmbexljoecrphdlwt3nx46aybgm5m7b failed
==> Warning: Skipping build of py-pytz-2022.2.1-6sjb5qxxvvwacuhff3zbqothiif3672a since py-wheel-0.37.1-7kmbexljoecrphdlwt3nx46aybgm5m7b failed
==> Warning: Skipping build of py-setuptools-scm-6.0.1-u6xppsppaye3no2ue2hfhk67zlgwz7fy since py-wheel-0.37.1-7kmbexljoecrphdlwt3nx46aybgm5m7b failed
==> Warning: Skipping build of py-six-1.16.0-yfrw65b4g7eujmfc3c5xtr2efemr3kjg since py-wheel-0.37.1-7kmbexljoecrphdlwt3nx46aybgm5m7b failed
==> Warning: Skipping build of py-gast-0.5.3-gdzh6kca7vjtw5zdkhrcqz6kpjmrpijp since py-wheel-0.37.1-7kmbexljoecrphdlwt3nx46aybgm5m7b failed
==> Warning: Skipping build of py-toml-0.10.2-mzszk35wdytxpdsmgwxs3vb6h5cxptwz since py-wheel-0.37.1-7kmbexljoecrphdlwt3nx46aybgm5m7b failed
==> Warning: Skipping build of py-pip-22.2.2-ydotcevxazpykhvydavl3emxetsuwmsc since python-3.9.15-x2qygjja55fcximxn62bwk7b3olzh656 failed
==> Warning: Skipping build of py-setuptools-59.4.0-vnble5hyba7zg4yp5a6mxmqztoumdyrk since py-pip-22.2.2-ydotcevxazpykhvydavl3emxetsuwmsc failed
==> Fetching https://github.com/NOAA-GFDL/FMS/archive/refs/tags/2022.03.tar.gz
==> No patches needed for fms
==> fms: Executing phase: 'cmake'
==> fms: Executing phase: 'build'
==> Error: ProcessError: Command exited with status 2:
    'make' '-j16'

5 errors found in build log:
     431    /spack/opt/spack/linux-ubuntu20.04-x86_64/nvhpc-22.9/cmake-3.24.2-n4sbrbglajtlgolfk2renqqecb6lxcau/bin/cmake -E cmake_copy_f90_mod include_r8/fms_io_utils_mod.m
            od CMakeFiles/fms_r8_f.dir/fms_io_utils_mod.mod.stamp NVHPC
     432    /spack/opt/spack/linux-ubuntu20.04-x86_64/nvhpc-22.9/cmake-3.24.2-n4sbrbglajtlgolfk2renqqecb6lxcau/bin/cmake -E touch CMakeFiles/fms_r8_f.dir/fms2_io/fms_io_uti
            ls.F90.o.provides.build
     433    [ 46%] Building Fortran object CMakeFiles/fms_r8_f.dir/fms2_io/netcdf_io.F90.o
     434    /spack/opt/spack/linux-ubuntu20.04-x86_64/nvhpc-22.9/openmpi-4.1.4-y7bbie7wneg7tpn5cwogr2fi3b4eeedp/bin/mpif90 -DENABLE_QUAD_PRECISION -DGFDL_CONSTANTS -DGFS_PH
            YS -DHAVE_GETTID -DINTERNAL_FILE_NML -Duse_libMPI -Duse_netCDF -I/tmp/root/spack-stage/spack-stage-fms-2022.03-ziyl56pmjbg7zveuobb3hetxguz3v2na/spack-src/includ
            e -I/tmp/root/spack-stage/spack-stage-fms-2022.03-ziyl56pmjbg7zveuobb3hetxguz3v2na/spack-src/fms -I/tmp/root/spack-stage/spack-stage-fms-2022.03-ziyl56pmjbg7zve
            uobb3hetxguz3v2na/spack-src/fms2_io/include -I/tmp/root/spack-stage/spack-stage-fms-2022.03-ziyl56pmjbg7zveuobb3hetxguz3v2na/spack-src/mpp/include -I/tmp/root/s
            pack-stage/spack-stage-fms-2022.03-ziyl56pmjbg7zveuobb3hetxguz3v2na/spack-src/constants4 -I/tmp/root/spack-stage/spack-stage-fms-2022.03-ziyl56pmjbg7zveuobb3het
            xguz3v2na/spack-src/constants -isystem /spack/opt/spack/linux-ubuntu20.04-x86_64/nvhpc-22.9/netcdf-fortran-4.5.4-26kf6vrihni3wozwo3pkmctdaawa55qa/include -O2 -g
            opt -module include_r8 -mp -c /tmp/root/spack-stage/spack-stage-fms-2022.03-ziyl56pmjbg7zveuobb3hetxguz3v2na/spack-src/fms2_io/netcdf_io.F90 -o CMakeFiles/fms_r
            8_f.dir/fms2_io/netcdf_io.F90.o
     435    NVFORTRAN-S-0155-Same name common blocks with different sizes in same file not supported  (/tmp/root/spack-stage/spack-stage-fms-2022.03-ziyl56pmjbg7zveuobb3het
            xguz3v2na/spack-src/fms2_io/netcdf_io.F90)
     436      0 inform,   0 warnings,   1 severes, 0 fatal for write_restart_bc
  >> 437    make[2]: *** [CMakeFiles/fms_r4_f.dir/build.make:624: CMakeFiles/fms_r4_f.dir/fms2_io/netcdf_io.F90.o] Error 2
     438    make[2]: *** Waiting for unfinished jobs....
     439    make[2]: Leaving directory '/tmp/root/spack-stage/spack-stage-fms-2022.03-ziyl56pmjbg7zveuobb3hetxguz3v2na/spack-build-ziyl56p'
  >> 440    make[1]: *** [CMakeFiles/Makefile2:122: CMakeFiles/fms_r4_f.dir/all] Error 2
     441    make[1]: *** Waiting for unfinished jobs....
     442    NVFORTRAN-S-0155-Same name common blocks with different sizes in same file not supported  (/tmp/root/spack-stage/spack-stage-fms-2022.03-ziyl56pmjbg7zveuobb3het
            xguz3v2na/spack-src/fms2_io/netcdf_io.F90)
     443      0 inform,   0 warnings,   1 severes, 0 fatal for write_restart_bc
  >> 444    make[2]: *** [CMakeFiles/fms_r8_f.dir/build.make:624: CMakeFiles/fms_r8_f.dir/fms2_io/netcdf_io.F90.o] Error 2
     445    make[2]: *** Waiting for unfinished jobs....
     446    make[2]: Leaving directory '/tmp/root/spack-stage/spack-stage-fms-2022.03-ziyl56pmjbg7zveuobb3hetxguz3v2na/spack-build-ziyl56p'
  >> 447    make[1]: *** [CMakeFiles/Makefile2:201: CMakeFiles/fms_r8_f.dir/all] Error 2
     448    make[1]: Leaving directory '/tmp/root/spack-stage/spack-stage-fms-2022.03-ziyl56pmjbg7zveuobb3hetxguz3v2na/spack-build-ziyl56p'
  >> 449    make: *** [Makefile:139: all] Error 2

See build log for details:
  /tmp/root/spack-stage/spack-stage-fms-2022.03-ziyl56pmjbg7zveuobb3hetxguz3v2na/spack-build-out.txt

==> Installing fms-2022.01-kz6vilmrze727sq6kldzmnsofpw77pm7
==> No binary for fms-2022.01-kz6vilmrze727sq6kldzmnsofpw77pm7 found: installing from source
==> Fetching https://mirror.spack.io/_source-cache/archive/a1/a1cba1f536923f5953c28729a28e5431e127b45d6bc2c15d230939f0c02daa9b.tar.gz
==> No patches needed for fms
==> fms: Executing phase: 'cmake'
==> fms: Executing phase: 'build'
==> Error: ProcessError: Command exited with status 2:
    'make' '-j16'

5 errors found in build log:
     403    /spack/opt/spack/linux-ubuntu20.04-x86_64/nvhpc-22.9/cmake-3.24.2-n4sbrbglajtlgolfk2renqqecb6lxcau/bin/cmake -E cmake_copy_f90_mod include_r4/fms_io_utils_mod.m
            od CMakeFiles/fms_r4_f.dir/fms_io_utils_mod.mod.stamp NVHPC
     404    /spack/opt/spack/linux-ubuntu20.04-x86_64/nvhpc-22.9/cmake-3.24.2-n4sbrbglajtlgolfk2renqqecb6lxcau/bin/cmake -E touch CMakeFiles/fms_r4_f.dir/fms2_io/fms_io_uti
            ls.F90.o.provides.build
     405    [ 44%] Building Fortran object CMakeFiles/fms_r4_f.dir/fms2_io/netcdf_io.F90.o
     406    /spack/opt/spack/linux-ubuntu20.04-x86_64/nvhpc-22.9/openmpi-4.1.4-y7bbie7wneg7tpn5cwogr2fi3b4eeedp/bin/mpif90 -DENABLE_QUAD_PRECISION -DGFS_PHYS -DHAVE_GETTID 
            -DINTERNAL_FILE_NML -DOVERLOAD_R4 -DOVERLOAD_R8 -Duse_libMPI -Duse_netCDF -I/tmp/root/spack-stage/spack-stage-fms-2022.01-kz6vilmrze727sq6kldzmnsofpw77pm7/spack
            -src/include -I/tmp/root/spack-stage/spack-stage-fms-2022.01-kz6vilmrze727sq6kldzmnsofpw77pm7/spack-src/fms -I/tmp/root/spack-stage/spack-stage-fms-2022.01-kz6v
            ilmrze727sq6kldzmnsofpw77pm7/spack-src/fms2_io/include -I/tmp/root/spack-stage/spack-stage-fms-2022.01-kz6vilmrze727sq6kldzmnsofpw77pm7/spack-src/mpp/include -i
            system /spack/opt/spack/linux-ubuntu20.04-x86_64/nvhpc-22.9/netcdf-fortran-4.5.4-26kf6vrihni3wozwo3pkmctdaawa55qa/include -O2 -gopt -module include_r4 -mp -c /t
            mp/root/spack-stage/spack-stage-fms-2022.01-kz6vilmrze727sq6kldzmnsofpw77pm7/spack-src/fms2_io/netcdf_io.F90 -o CMakeFiles/fms_r4_f.dir/fms2_io/netcdf_io.F90.o
     407    NVFORTRAN-S-0155-Same name common blocks with different sizes in same file not supported  (/tmp/root/spack-stage/spack-stage-fms-2022.01-kz6vilmrze727sq6kldzmns
            ofpw77pm7/spack-src/fms2_io/netcdf_io.F90)
     408      0 inform,   0 warnings,   1 severes, 0 fatal for write_restart_bc
  >> 409    make[2]: *** [CMakeFiles/fms_r8_f.dir/build.make:598: CMakeFiles/fms_r8_f.dir/fms2_io/netcdf_io.F90.o] Error 2
     410    make[2]: *** Waiting for unfinished jobs....
     411    NVFORTRAN-S-0155-Same name common blocks with different sizes in same file not supported  (/tmp/root/spack-stage/spack-stage-fms-2022.01-kz6vilmrze727sq6kldzmns
            ofpw77pm7/spack-src/fms2_io/netcdf_io.F90)
     412      0 inform,   0 warnings,   1 severes, 0 fatal for write_restart_bc
  >> 413    make[2]: *** [CMakeFiles/fms_r4_f.dir/build.make:598: CMakeFiles/fms_r4_f.dir/fms2_io/netcdf_io.F90.o] Error 2
     414    make[2]: *** Waiting for unfinished jobs....
     415    make[2]: Leaving directory '/tmp/root/spack-stage/spack-stage-fms-2022.01-kz6vilmrze727sq6kldzmnsofpw77pm7/spack-build-kz6vilm'
  >> 416    make[1]: *** [CMakeFiles/Makefile2:201: CMakeFiles/fms_r8_f.dir/all] Error 2
     417    make[1]: *** Waiting for unfinished jobs....
     418    make[2]: Leaving directory '/tmp/root/spack-stage/spack-stage-fms-2022.01-kz6vilmrze727sq6kldzmnsofpw77pm7/spack-build-kz6vilm'
  >> 419    make[1]: *** [CMakeFiles/Makefile2:122: CMakeFiles/fms_r4_f.dir/all] Error 2
     420    make[1]: Leaving directory '/tmp/root/spack-stage/spack-stage-fms-2022.01-kz6vilmrze727sq6kldzmnsofpw77pm7/spack-build-kz6vilm'
  >> 421    make: *** [Makefile:139: all] Error 2

See build log for details:
  /tmp/root/spack-stage/spack-stage-fms-2022.01-kz6vilmrze727sq6kldzmnsofpw77pm7/spack-build-out.txt

==> Installing fms-2022.04-h3xu3am6zwtqxgzozkr7hade4xxnsusz
==> No binary for fms-2022.04-h3xu3am6zwtqxgzozkr7hade4xxnsusz found: installing from source
==> Fetching https://github.com/NOAA-GFDL/FMS/archive/refs/tags/2022.04.tar.gz
==> No patches needed for fms
==> fms: Executing phase: 'cmake'
==> fms: Executing phase: 'build'
==> Error: ProcessError: Command exited with status 2:
    'make' '-j16'

5 errors found in build log:
     439    /spack/opt/spack/linux-ubuntu20.04-x86_64/nvhpc-22.9/cmake-3.24.2-n4sbrbglajtlgolfk2renqqecb6lxcau/bin/cmake -E cmake_copy_f90_mod include_r8/fms_io_utils_mod.m
            od CMakeFiles/fms_r8_f.dir/fms_io_utils_mod.mod.stamp NVHPC
     440    /spack/opt/spack/linux-ubuntu20.04-x86_64/nvhpc-22.9/cmake-3.24.2-n4sbrbglajtlgolfk2renqqecb6lxcau/bin/cmake -E touch CMakeFiles/fms_r8_f.dir/fms2_io/fms_io_uti
            ls.F90.o.provides.build
     441    [ 42%] Building Fortran object CMakeFiles/fms_r8_f.dir/fms2_io/netcdf_io.F90.o
     442    /spack/opt/spack/linux-ubuntu20.04-x86_64/nvhpc-22.9/openmpi-4.1.4-y7bbie7wneg7tpn5cwogr2fi3b4eeedp/bin/mpif90 -DENABLE_QUAD_PRECISION -DGFDL_CONSTANTS -DGFS_PH
            YS -DHAVE_GETTID -DINTERNAL_FILE_NML -Duse_libMPI -Duse_netCDF -I/tmp/root/spack-stage/spack-stage-fms-2022.04-h3xu3am6zwtqxgzozkr7hade4xxnsusz/spack-src/includ
            e -I/tmp/root/spack-stage/spack-stage-fms-2022.04-h3xu3am6zwtqxgzozkr7hade4xxnsusz/spack-src/fms -I/tmp/root/spack-stage/spack-stage-fms-2022.04-h3xu3am6zwtqxgz
            ozkr7hade4xxnsusz/spack-src/fms2_io/include -I/tmp/root/spack-stage/spack-stage-fms-2022.04-h3xu3am6zwtqxgzozkr7hade4xxnsusz/spack-src/mpp/include -I/tmp/root/s
            pack-stage/spack-stage-fms-2022.04-h3xu3am6zwtqxgzozkr7hade4xxnsusz/spack-src/constants4 -I/tmp/root/spack-stage/spack-stage-fms-2022.04-h3xu3am6zwtqxgzozkr7had
            e4xxnsusz/spack-src/constants -isystem /spack/opt/spack/linux-ubuntu20.04-x86_64/nvhpc-22.9/netcdf-fortran-4.5.4-26kf6vrihni3wozwo3pkmctdaawa55qa/include -O2 -g
            opt -module include_r8 -mp -c /tmp/root/spack-stage/spack-stage-fms-2022.04-h3xu3am6zwtqxgzozkr7hade4xxnsusz/spack-src/fms2_io/netcdf_io.F90 -o CMakeFiles/fms_r
            8_f.dir/fms2_io/netcdf_io.F90.o
     443    NVFORTRAN-S-0155-Same name common blocks with different sizes in same file not supported  (/tmp/root/spack-stage/spack-stage-fms-2022.04-h3xu3am6zwtqxgzozkr7had
            e4xxnsusz/spack-src/fms2_io/netcdf_io.F90)
     444      0 inform,   0 warnings,   1 severes, 0 fatal for write_restart_bc
  >> 445    make[2]: *** [CMakeFiles/fms_r4_f.dir/build.make:637: CMakeFiles/fms_r4_f.dir/fms2_io/netcdf_io.F90.o] Error 2
     446    make[2]: *** Waiting for unfinished jobs....
     447    make[2]: Leaving directory '/tmp/root/spack-stage/spack-stage-fms-2022.04-h3xu3am6zwtqxgzozkr7hade4xxnsusz/spack-build-h3xu3am'
  >> 448    make[1]: *** [CMakeFiles/Makefile2:122: CMakeFiles/fms_r4_f.dir/all] Error 2
     449    make[1]: *** Waiting for unfinished jobs....
     450    NVFORTRAN-S-0155-Same name common blocks with different sizes in same file not supported  (/tmp/root/spack-stage/spack-stage-fms-2022.04-h3xu3am6zwtqxgzozkr7had
            e4xxnsusz/spack-src/fms2_io/netcdf_io.F90)
     451      0 inform,   0 warnings,   1 severes, 0 fatal for write_restart_bc
  >> 452    make[2]: *** [CMakeFiles/fms_r8_f.dir/build.make:637: CMakeFiles/fms_r8_f.dir/fms2_io/netcdf_io.F90.o] Error 2
     453    make[2]: *** Waiting for unfinished jobs....
     454    make[2]: Leaving directory '/tmp/root/spack-stage/spack-stage-fms-2022.04-h3xu3am6zwtqxgzozkr7hade4xxnsusz/spack-build-h3xu3am'
  >> 455    make[1]: *** [CMakeFiles/Makefile2:201: CMakeFiles/fms_r8_f.dir/all] Error 2
     456    make[1]: Leaving directory '/tmp/root/spack-stage/spack-stage-fms-2022.04-h3xu3am6zwtqxgzozkr7hade4xxnsusz/spack-build-h3xu3am'
  >> 457    make: *** [Makefile:139: all] Error 2

See build log for details:
  /tmp/root/spack-stage/spack-stage-fms-2022.04-h3xu3am6zwtqxgzozkr7hade4xxnsusz/spack-build-out.txt

==> Error: fms-2022.03-ziyl56pmjbg7zveuobb3hetxguz3v2na: ProcessError: Command exited with status 2:
    'make' '-j16'
==> Error: fms-2022.01-kz6vilmrze727sq6kldzmnsofpw77pm7: ProcessError: Command exited with status 2:
    'make' '-j16'
==> Error: fms-2022.04-h3xu3am6zwtqxgzozkr7hade4xxnsusz: ProcessError: Command exited with status 2:
    'make' '-j16'
==> Error: fms-2022.01-kz6vilmrze727sq6kldzmnsofpw77pm7: Package was not installed
==> Error: fms-2022.03-ziyl56pmjbg7zveuobb3hetxguz3v2na: Package was not installed
==> Error: fms-2022.04-h3xu3am6zwtqxgzozkr7hade4xxnsusz: Package was not installed
==> Error: py-numpy-1.22.3-q5tmgeyd47lxyojkwb2eg4gqzzdfsrpf: Package was not installed
==> Error: py-pandas-1.4.0-sfr5rezrotd7ox5qp2z4j2hjfbw6spj4: Package was not installed
==> Error: py-scipy-1.8.0-hscd32xajwcnsl7f7bnhq74xh5ziycqc: Package was not installed
==> Error: py-shapely-1.8.0-nfb63yjbpat7l75duvdnfihvw4tvwrfj: Package was not installed
==> Error: Installation request failed.  Refer to reported errors for failing package(s).
